\BOOKMARK [0][-]{chapter.1}{\376\377\000N\000a\000m\000e\000s\000p\000a\000c\000e\000\040\000I\000n\000d\000e\000x}{}% 1
\BOOKMARK [1][-]{section.1.1}{\376\377\000P\000a\000c\000k\000a\000g\000e\000s}{chapter.1}% 2
\BOOKMARK [0][-]{chapter.2}{\376\377\000C\000l\000a\000s\000s\000\040\000I\000n\000d\000e\000x}{}% 3
\BOOKMARK [1][-]{section.2.1}{\376\377\000C\000l\000a\000s\000s\000\040\000H\000i\000e\000r\000a\000r\000c\000h\000y}{chapter.2}% 4
\BOOKMARK [0][-]{chapter.3}{\376\377\000C\000l\000a\000s\000s\000\040\000I\000n\000d\000e\000x}{}% 5
\BOOKMARK [1][-]{section.3.1}{\376\377\000C\000l\000a\000s\000s\000\040\000L\000i\000s\000t}{chapter.3}% 6
\BOOKMARK [0][-]{chapter.4}{\376\377\000F\000i\000l\000e\000\040\000I\000n\000d\000e\000x}{}% 7
\BOOKMARK [1][-]{section.4.1}{\376\377\000F\000i\000l\000e\000\040\000L\000i\000s\000t}{chapter.4}% 8
\BOOKMARK [0][-]{chapter.5}{\376\377\000N\000a\000m\000e\000s\000p\000a\000c\000e\000\040\000D\000o\000c\000u\000m\000e\000n\000t\000a\000t\000i\000o\000n}{}% 9
\BOOKMARK [1][-]{section.5.1}{\376\377\000P\000a\000c\000k\000a\000g\000e\000\040\000b\000a\000l\000l\000m\000e\000r\000p\000e\000a\000k}{chapter.5}% 10
\BOOKMARK [1][-]{section.5.2}{\376\377\000P\000a\000c\000k\000a\000g\000e\000\040\000b\000a\000l\000l\000m\000e\000r\000p\000e\000a\000k\000.\000t\000u\000r\000t\000l\000e\000n\000e\000t}{chapter.5}% 11
\BOOKMARK [1][-]{section.5.3}{\376\377\000P\000a\000c\000k\000a\000g\000e\000\040\000b\000a\000l\000l\000m\000e\000r\000p\000e\000a\000k\000.\000t\000u\000r\000t\000l\000e\000n\000e\000t\000.\000c\000l\000i\000e\000n\000t}{chapter.5}% 12
\BOOKMARK [1][-]{section.5.4}{\376\377\000P\000a\000c\000k\000a\000g\000e\000\040\000b\000a\000l\000l\000m\000e\000r\000p\000e\000a\000k\000.\000t\000u\000r\000t\000l\000e\000n\000e\000t\000.\000r\000e\000m\000o\000t\000e\000s\000e\000r\000v\000e\000r}{chapter.5}% 13
\BOOKMARK [1][-]{section.5.5}{\376\377\000P\000a\000c\000k\000a\000g\000e\000\040\000b\000a\000l\000l\000m\000e\000r\000p\000e\000a\000k\000.\000t\000u\000r\000t\000l\000e\000n\000e\000t\000.\000s\000e\000r\000v\000e\000r}{chapter.5}% 14
\BOOKMARK [1][-]{section.5.6}{\376\377\000P\000a\000c\000k\000a\000g\000e\000\040\000b\000a\000l\000l\000m\000e\000r\000p\000e\000a\000k\000.\000t\000u\000r\000t\000l\000e\000n\000e\000t\000.\000s\000h\000a\000r\000e\000d}{chapter.5}% 15
\BOOKMARK [0][-]{chapter.6}{\376\377\000C\000l\000a\000s\000s\000\040\000D\000o\000c\000u\000m\000e\000n\000t\000a\000t\000i\000o\000n}{}% 16
\BOOKMARK [1][-]{section.6.1}{\376\377\000b\000a\000l\000l\000m\000e\000r\000p\000e\000a\000k\000.\000t\000u\000r\000t\000l\000e\000n\000e\000t\000.\000s\000h\000a\000r\000e\000d\000.\000C\000o\000m\000m\000e\000n\000t\000D\000e\000t\000a\000i\000l\000s\000\040\000C\000l\000a\000s\000s\000\040\000R\000e\000f\000e\000r\000e\000n\000c\000e}{chapter.6}% 17
\BOOKMARK [2][-]{subsection.6.1.1}{\376\377\000D\000e\000t\000a\000i\000l\000e\000d\000\040\000D\000e\000s\000c\000r\000i\000p\000t\000i\000o\000n}{section.6.1}% 18
\BOOKMARK [2][-]{subsection.6.1.2}{\376\377\000C\000o\000n\000s\000t\000r\000u\000c\000t\000o\000r\000\040\000\046\000\040\000D\000e\000s\000t\000r\000u\000c\000t\000o\000r\000\040\000D\000o\000c\000u\000m\000e\000n\000t\000a\000t\000i\000o\000n}{section.6.1}% 19
\BOOKMARK [3][-]{subsubsection.6.1.2.1}{\376\377\000C\000o\000m\000m\000e\000n\000t\000D\000e\000t\000a\000i\000l\000s}{subsection.6.1.2}% 20
\BOOKMARK [3][-]{subsubsection.6.1.2.2}{\376\377\000C\000o\000m\000m\000e\000n\000t\000D\000e\000t\000a\000i\000l\000s}{subsection.6.1.2}% 21
\BOOKMARK [2][-]{subsection.6.1.3}{\376\377\000M\000e\000m\000b\000e\000r\000\040\000D\000a\000t\000a\000\040\000D\000o\000c\000u\000m\000e\000n\000t\000a\000t\000i\000o\000n}{section.6.1}% 22
\BOOKMARK [3][-]{subsubsection.6.1.3.1}{\376\377\000l\000i\000k\000e\000d}{subsection.6.1.3}% 23
\BOOKMARK [3][-]{subsubsection.6.1.3.2}{\376\377\000p\000o\000s\000t\000e\000r\000K\000e\000y}{subsection.6.1.3}% 24
\BOOKMARK [3][-]{subsubsection.6.1.3.3}{\376\377\000p\000o\000s\000t\000e\000r\000N\000a\000m\000e}{subsection.6.1.3}% 25
\BOOKMARK [3][-]{subsubsection.6.1.3.4}{\376\377\000s\000i\000g}{subsection.6.1.3}% 26
\BOOKMARK [3][-]{subsubsection.6.1.3.5}{\376\377\000t\000e\000x\000t}{subsection.6.1.3}% 27
\BOOKMARK [3][-]{subsubsection.6.1.3.6}{\376\377\000t\000i\000m\000e\000s\000t\000a\000m\000p}{subsection.6.1.3}% 28
\BOOKMARK [1][-]{section.6.2}{\376\377\000b\000a\000l\000l\000m\000e\000r\000p\000e\000a\000k\000.\000t\000u\000r\000t\000l\000e\000n\000e\000t\000.\000s\000h\000a\000r\000e\000d\000.\000C\000o\000n\000v\000e\000r\000s\000a\000t\000i\000o\000n\000\040\000C\000l\000a\000s\000s\000\040\000R\000e\000f\000e\000r\000e\000n\000c\000e}{chapter.6}% 29
\BOOKMARK [2][-]{subsection.6.2.1}{\376\377\000D\000e\000t\000a\000i\000l\000e\000d\000\040\000D\000e\000s\000c\000r\000i\000p\000t\000i\000o\000n}{section.6.2}% 30
\BOOKMARK [2][-]{subsection.6.2.2}{\376\377\000C\000o\000n\000s\000t\000r\000u\000c\000t\000o\000r\000\040\000\046\000\040\000D\000e\000s\000t\000r\000u\000c\000t\000o\000r\000\040\000D\000o\000c\000u\000m\000e\000n\000t\000a\000t\000i\000o\000n}{section.6.2}% 31
\BOOKMARK [3][-]{subsubsection.6.2.2.1}{\376\377\000C\000o\000n\000v\000e\000r\000s\000a\000t\000i\000o\000n}{subsection.6.2.2}% 32
\BOOKMARK [3][-]{subsubsection.6.2.2.2}{\376\377\000C\000o\000n\000v\000e\000r\000s\000a\000t\000i\000o\000n}{subsection.6.2.2}% 33
\BOOKMARK [2][-]{subsection.6.2.3}{\376\377\000M\000e\000m\000b\000e\000r\000\040\000F\000u\000n\000c\000t\000i\000o\000n\000\040\000D\000o\000c\000u\000m\000e\000n\000t\000a\000t\000i\000o\000n}{section.6.2}% 34
\BOOKMARK [3][-]{subsubsection.6.2.3.1}{\376\377\000c\000o\000n\000c\000a\000t\000N\000a\000m\000e\000s}{subsection.6.2.3}% 35
\BOOKMARK [2][-]{subsection.6.2.4}{\376\377\000M\000e\000m\000b\000e\000r\000\040\000D\000a\000t\000a\000\040\000D\000o\000c\000u\000m\000e\000n\000t\000a\000t\000i\000o\000n}{section.6.2}% 36
\BOOKMARK [3][-]{subsubsection.6.2.4.1}{\376\377\000f\000i\000r\000s\000t\000M\000e\000s\000s\000a\000g\000e}{subsection.6.2.4}% 37
\BOOKMARK [3][-]{subsubsection.6.2.4.2}{\376\377\000k\000e\000y\000s}{subsection.6.2.4}% 38
\BOOKMARK [3][-]{subsubsection.6.2.4.3}{\376\377\000s\000i\000g\000n\000a\000t\000u\000r\000e}{subsection.6.2.4}% 39
\BOOKMARK [3][-]{subsubsection.6.2.4.4}{\376\377\000t\000i\000m\000e\000s\000t\000a\000m\000p}{subsection.6.2.4}% 40
\BOOKMARK [3][-]{subsubsection.6.2.4.5}{\376\377\000u\000s\000e\000r\000s}{subsection.6.2.4}% 41
\BOOKMARK [1][-]{section.6.3}{\376\377\000b\000a\000l\000l\000m\000e\000r\000p\000e\000a\000k\000.\000t\000u\000r\000t\000l\000e\000n\000e\000t\000.\000s\000e\000r\000v\000e\000r\000.\000C\000r\000y\000p\000t\000o\000\040\000C\000l\000a\000s\000s\000\040\000R\000e\000f\000e\000r\000e\000n\000c\000e}{chapter.6}% 42
\BOOKMARK [2][-]{subsection.6.3.1}{\376\377\000D\000e\000t\000a\000i\000l\000e\000d\000\040\000D\000e\000s\000c\000r\000i\000p\000t\000i\000o\000n}{section.6.3}% 43
\BOOKMARK [2][-]{subsection.6.3.2}{\376\377\000M\000e\000m\000b\000e\000r\000\040\000F\000u\000n\000c\000t\000i\000o\000n\000\040\000D\000o\000c\000u\000m\000e\000n\000t\000a\000t\000i\000o\000n}{section.6.3}% 44
\BOOKMARK [3][-]{subsubsection.6.3.2.1}{\376\377\000B\000a\000s\000e\0006\0004\000D\000e\000c\000o\000d\000e}{subsection.6.3.2}% 45
\BOOKMARK [3][-]{subsubsection.6.3.2.2}{\376\377\000B\000a\000s\000e\0006\0004\000E\000n\000c\000o\000d\000e}{subsection.6.3.2}% 46
\BOOKMARK [3][-]{subsubsection.6.3.2.3}{\376\377\000d\000e\000c\000o\000d\000e\000K\000e\000y}{subsection.6.3.2}% 47
\BOOKMARK [3][-]{subsubsection.6.3.2.4}{\376\377\000d\000e\000c\000r\000y\000p\000t}{subsection.6.3.2}% 48
\BOOKMARK [3][-]{subsubsection.6.3.2.5}{\376\377\000d\000e\000c\000r\000y\000p\000t\000B\000y\000t\000e\000s}{subsection.6.3.2}% 49
\BOOKMARK [3][-]{subsubsection.6.3.2.6}{\376\377\000d\000e\000c\000r\000y\000p\000t\000D\000B}{subsection.6.3.2}% 50
\BOOKMARK [3][-]{subsubsection.6.3.2.7}{\376\377\000e\000n\000c\000o\000d\000e\000K\000e\000y}{subsection.6.3.2}% 51
\BOOKMARK [3][-]{subsubsection.6.3.2.8}{\376\377\000e\000n\000c\000r\000y\000p\000t}{subsection.6.3.2}% 52
\BOOKMARK [3][-]{subsubsection.6.3.2.9}{\376\377\000e\000n\000c\000r\000y\000p\000t\000B\000y\000t\000e\000s}{subsection.6.3.2}% 53
\BOOKMARK [3][-]{subsubsection.6.3.2.10}{\376\377\000e\000n\000c\000r\000y\000p\000t\000D\000B}{subsection.6.3.2}% 54
\BOOKMARK [3][-]{subsubsection.6.3.2.11}{\376\377\000g\000e\000t\000P\000r\000i\000v\000a\000t\000e\000K\000e\000y}{subsection.6.3.2}% 55
\BOOKMARK [3][-]{subsubsection.6.3.2.12}{\376\377\000g\000e\000t\000P\000u\000b\000l\000i\000c\000K\000e\000y}{subsection.6.3.2}% 56
\BOOKMARK [3][-]{subsubsection.6.3.2.13}{\376\377\000g\000e\000t\000T\000e\000s\000t\000K\000e\000y}{subsection.6.3.2}% 57
\BOOKMARK [3][-]{subsubsection.6.3.2.14}{\376\377\000h\000a\000s\000h}{subsection.6.3.2}% 58
\BOOKMARK [3][-]{subsubsection.6.3.2.15}{\376\377\000k\000e\000y\000G\000e\000n}{subsection.6.3.2}% 59
\BOOKMARK [3][-]{subsubsection.6.3.2.16}{\376\377\000k\000e\000y\000s\000E\000x\000i\000s\000t}{subsection.6.3.2}% 60
\BOOKMARK [3][-]{subsubsection.6.3.2.17}{\376\377\000r\000a\000n\000d}{subsection.6.3.2}% 61
\BOOKMARK [3][-]{subsubsection.6.3.2.18}{\376\377\000s\000i\000g\000n}{subsection.6.3.2}% 62
\BOOKMARK [3][-]{subsubsection.6.3.2.19}{\376\377\000s\000i\000g\000n}{subsection.6.3.2}% 63
\BOOKMARK [3][-]{subsubsection.6.3.2.20}{\376\377\000v\000e\000r\000i\000f\000y\000S\000i\000g}{subsection.6.3.2}% 64
\BOOKMARK [2][-]{subsection.6.3.3}{\376\377\000M\000e\000m\000b\000e\000r\000\040\000D\000a\000t\000a\000\040\000D\000o\000c\000u\000m\000e\000n\000t\000a\000t\000i\000o\000n}{section.6.3}% 65
\BOOKMARK [3][-]{subsubsection.6.3.3.1}{\376\377\000s\000r\000a\000n\000d}{subsection.6.3.3}% 66
\BOOKMARK [1][-]{section.6.4}{\376\377\000b\000a\000l\000l\000m\000e\000r\000p\000e\000a\000k\000.\000t\000u\000r\000t\000l\000e\000n\000e\000t\000.\000s\000e\000r\000v\000e\000r\000.\000D\000a\000t\000a\000b\000a\000s\000e\000\040\000C\000l\000a\000s\000s\000\040\000R\000e\000f\000e\000r\000e\000n\000c\000e}{chapter.6}% 67
\BOOKMARK [2][-]{subsection.6.4.1}{\376\377\000D\000e\000t\000a\000i\000l\000e\000d\000\040\000D\000e\000s\000c\000r\000i\000p\000t\000i\000o\000n}{section.6.4}% 68
\BOOKMARK [2][-]{subsection.6.4.2}{\376\377\000C\000o\000n\000s\000t\000r\000u\000c\000t\000o\000r\000\040\000\046\000\040\000D\000e\000s\000t\000r\000u\000c\000t\000o\000r\000\040\000D\000o\000c\000u\000m\000e\000n\000t\000a\000t\000i\000o\000n}{section.6.4}% 69
\BOOKMARK [3][-]{subsubsection.6.4.2.1}{\376\377\000D\000a\000t\000a\000b\000a\000s\000e}{subsection.6.4.2}% 70
\BOOKMARK [2][-]{subsection.6.4.3}{\376\377\000M\000e\000m\000b\000e\000r\000\040\000F\000u\000n\000c\000t\000i\000o\000n\000\040\000D\000o\000c\000u\000m\000e\000n\000t\000a\000t\000i\000o\000n}{section.6.4}% 71
\BOOKMARK [3][-]{subsubsection.6.4.3.1}{\376\377\000a\000c\000c\000e\000p\000t\000E\000v\000e\000n\000t}{subsection.6.4.3}% 72
\BOOKMARK [3][-]{subsubsection.6.4.3.2}{\376\377\000a\000d\000d\000C\000a\000t\000e\000g\000o\000r\000y}{subsection.6.4.3}% 73
\BOOKMARK [3][-]{subsubsection.6.4.3.3}{\376\377\000a\000d\000d\000C\000a\000t\000e\000g\000o\000r\000y}{subsection.6.4.3}% 74
\BOOKMARK [3][-]{subsubsection.6.4.3.4}{\376\377\000a\000d\000d\000C\000l\000a\000i\000m}{subsection.6.4.3}% 75
\BOOKMARK [3][-]{subsubsection.6.4.3.5}{\376\377\000a\000d\000d\000C\000o\000m\000m\000e\000n\000t}{subsection.6.4.3}% 76
\BOOKMARK [3][-]{subsubsection.6.4.3.6}{\376\377\000a\000d\000d\000C\000o\000n\000v\000o}{subsection.6.4.3}% 77
\BOOKMARK [3][-]{subsubsection.6.4.3.7}{\376\377\000a\000d\000d\000E\000v\000e\000n\000t}{subsection.6.4.3}% 78
\BOOKMARK [3][-]{subsubsection.6.4.3.8}{\376\377\000a\000d\000d\000K\000e\000y}{subsection.6.4.3}% 79
\BOOKMARK [3][-]{subsubsection.6.4.3.9}{\376\377\000a\000d\000d\000K\000e\000y}{subsection.6.4.3}% 80
\BOOKMARK [3][-]{subsubsection.6.4.3.10}{\376\377\000a\000d\000d\000L\000i\000k\000e}{subsection.6.4.3}% 81
\BOOKMARK [3][-]{subsubsection.6.4.3.11}{\376\377\000a\000d\000d\000M\000e\000s\000s\000a\000g\000e\000T\000o\000C\000h\000a\000t}{subsection.6.4.3}% 82
\BOOKMARK [3][-]{subsubsection.6.4.3.12}{\376\377\000a\000d\000d\000P\000D\000A\000T\000A}{subsection.6.4.3}% 83
\BOOKMARK [3][-]{subsubsection.6.4.3.13}{\376\377\000a\000d\000d\000P\000o\000s\000t}{subsection.6.4.3}% 84
\BOOKMARK [3][-]{subsubsection.6.4.3.14}{\376\377\000a\000d\000d\000R\000e\000v\000o\000c\000a\000t\000i\000o\000n}{subsection.6.4.3}% 85
\BOOKMARK [3][-]{subsubsection.6.4.3.15}{\376\377\000a\000d\000d\000T\000o\000C\000a\000t\000e\000g\000o\000r\000y}{subsection.6.4.3}% 86
\BOOKMARK [3][-]{subsubsection.6.4.3.16}{\376\377\000a\000d\000d\000T\000o\000C\000a\000t\000e\000g\000o\000r\000y}{subsection.6.4.3}% 87
\BOOKMARK [3][-]{subsubsection.6.4.3.17}{\376\377\000c\000a\000l\000c\000R\000e\000v\000o\000c\000a\000t\000i\000o\000n\000K\000e\000y\000s}{subsection.6.4.3}% 88
\BOOKMARK [3][-]{subsubsection.6.4.3.18}{\376\377\000c\000a\000n\000S\000e\000e\000P\000D\000A\000T\000A}{subsection.6.4.3}% 89
\BOOKMARK [3][-]{subsubsection.6.4.3.19}{\376\377\000c\000r\000e\000a\000t\000e\000D\000B\000D\000i\000r}{subsection.6.4.3}% 90
\BOOKMARK [3][-]{subsubsection.6.4.3.20}{\376\377\000d\000b\000C\000o\000n\000n\000e\000c\000t}{subsection.6.4.3}% 91
\BOOKMARK [3][-]{subsubsection.6.4.3.21}{\376\377\000d\000b\000C\000r\000e\000a\000t\000e}{subsection.6.4.3}% 92
\BOOKMARK [3][-]{subsubsection.6.4.3.22}{\376\377\000D\000B\000D\000i\000r\000E\000x\000i\000s\000t\000s}{subsection.6.4.3}% 93
\BOOKMARK [3][-]{subsubsection.6.4.3.23}{\376\377\000d\000b\000D\000i\000s\000c\000o\000n\000n\000e\000c\000t}{subsection.6.4.3}% 94
\BOOKMARK [3][-]{subsubsection.6.4.3.24}{\376\377\000D\000B\000E\000x\000i\000s\000t\000s}{subsection.6.4.3}% 95
\BOOKMARK [3][-]{subsubsection.6.4.3.25}{\376\377\000d\000e\000c\000l\000i\000n\000e\000E\000v\000e\000n\000t}{subsection.6.4.3}% 96
\BOOKMARK [3][-]{subsubsection.6.4.3.26}{\376\377\000e\000r\000a\000s\000e\000C\000o\000n\000t\000e\000n\000t\000F\000r\000o\000m}{subsection.6.4.3}% 97
\BOOKMARK [3][-]{subsubsection.6.4.3.27}{\376\377\000e\000x\000e\000c\000u\000t\000e}{subsection.6.4.3}% 98
\BOOKMARK [3][-]{subsubsection.6.4.3.28}{\376\377\000g\000e\000t\000C\000a\000t\000e\000g\000o\000r\000i\000e\000s}{subsection.6.4.3}% 99
\BOOKMARK [3][-]{subsubsection.6.4.3.29}{\376\377\000g\000e\000t\000C\000a\000t\000e\000g\000o\000r\000y\000M\000e\000m\000b\000e\000r\000s}{subsection.6.4.3}% 100
\BOOKMARK [3][-]{subsubsection.6.4.3.30}{\376\377\000g\000e\000t\000C\000o\000m\000m\000e\000n\000t\000s}{subsection.6.4.3}% 101
\BOOKMARK [3][-]{subsubsection.6.4.3.31}{\376\377\000g\000e\000t\000C\000o\000n\000v\000e\000r\000s\000a\000t\000i\000o\000n}{subsection.6.4.3}% 102
\BOOKMARK [3][-]{subsubsection.6.4.3.32}{\376\377\000g\000e\000t\000C\000o\000n\000v\000e\000r\000s\000a\000t\000i\000o\000n\000M\000e\000s\000s\000a\000g\000e\000s}{subsection.6.4.3}% 103
\BOOKMARK [3][-]{subsubsection.6.4.3.33}{\376\377\000g\000e\000t\000C\000o\000n\000v\000e\000r\000s\000a\000t\000i\000o\000n\000s}{subsection.6.4.3}% 104
\BOOKMARK [3][-]{subsubsection.6.4.3.34}{\376\377\000g\000e\000t\000K\000e\000y}{subsection.6.4.3}% 105
\BOOKMARK [3][-]{subsubsection.6.4.3.35}{\376\377\000g\000e\000t\000N\000a\000m\000e}{subsection.6.4.3}% 106
\BOOKMARK [3][-]{subsubsection.6.4.3.36}{\376\377\000g\000e\000t\000P\000D\000A\000T\000A}{subsection.6.4.3}% 107
\BOOKMARK [3][-]{subsubsection.6.4.3.37}{\376\377\000g\000e\000t\000P\000e\000o\000p\000l\000e\000I\000n\000C\000o\000n\000v\000o}{subsection.6.4.3}% 108
\BOOKMARK [3][-]{subsubsection.6.4.3.38}{\376\377\000g\000e\000t\000P\000o\000s\000t\000V\000i\000s\000i\000b\000l\000e\000T\000o}{subsection.6.4.3}% 109
\BOOKMARK [3][-]{subsubsection.6.4.3.39}{\376\377\000g\000e\000t\000S\000i\000g\000n\000a\000t\000o\000r\000y}{subsection.6.4.3}% 110
\BOOKMARK [3][-]{subsubsection.6.4.3.40}{\376\377\000g\000e\000t\000V\000i\000s\000i\000b\000i\000l\000i\000t\000y\000O\000f\000P\000a\000r\000e\000n\000t}{subsection.6.4.3}% 111
\BOOKMARK [3][-]{subsubsection.6.4.3.41}{\376\377\000g\000e\000t\000W\000a\000l\000l\000P\000o\000s\000t}{subsection.6.4.3}% 112
\BOOKMARK [3][-]{subsubsection.6.4.3.42}{\376\377\000g\000e\000t\000W\000a\000l\000l\000P\000o\000s\000t\000S\000e\000n\000d\000e\000r}{subsection.6.4.3}% 113
\BOOKMARK [3][-]{subsubsection.6.4.3.43}{\376\377\000i\000s\000L\000i\000k\000e\000d}{subsection.6.4.3}% 114
\BOOKMARK [3][-]{subsubsection.6.4.3.44}{\376\377\000i\000s\000R\000e\000v\000o\000k\000e\000d}{subsection.6.4.3}% 115
\BOOKMARK [3][-]{subsubsection.6.4.3.45}{\376\377\000k\000e\000y\000s\000C\000a\000n\000S\000e\000e\000P\000D\000A\000T\000A}{subsection.6.4.3}% 116
\BOOKMARK [3][-]{subsubsection.6.4.3.46}{\376\377\000l\000i\000k\000e}{subsection.6.4.3}% 117
\BOOKMARK [3][-]{subsubsection.6.4.3.47}{\376\377\000q\000u\000e\000r\000y}{subsection.6.4.3}% 118
\BOOKMARK [3][-]{subsubsection.6.4.3.48}{\376\377\000r\000e\000m\000o\000v\000e\000F\000r\000o\000m\000C\000a\000t\000e\000g\000o\000r\000y}{subsection.6.4.3}% 119
\BOOKMARK [3][-]{subsubsection.6.4.3.49}{\376\377\000r\000e\000m\000o\000v\000e\000F\000r\000o\000m\000C\000a\000t\000e\000g\000o\000r\000y}{subsection.6.4.3}% 120
\BOOKMARK [3][-]{subsubsection.6.4.3.50}{\376\377\000t\000i\000m\000e\000M\000o\000s\000t\000R\000e\000c\000e\000n\000t\000W\000a\000l\000l\000P\000o\000s\000t}{subsection.6.4.3}% 121
\BOOKMARK [3][-]{subsubsection.6.4.3.51}{\376\377\000u\000n\000l\000i\000k\000e}{subsection.6.4.3}% 122
\BOOKMARK [3][-]{subsubsection.6.4.3.52}{\376\377\000u\000p\000d\000a\000t\000e\000P\000D\000A\000T\000A}{subsection.6.4.3}% 123
\BOOKMARK [3][-]{subsubsection.6.4.3.53}{\376\377\000u\000p\000d\000a\000t\000e\000P\000D\000A\000T\000A\000p\000e\000r\000m\000i\000s\000s\000i\000o\000n}{subsection.6.4.3}% 124
\BOOKMARK [3][-]{subsubsection.6.4.3.54}{\376\377\000u\000p\000d\000a\000t\000e\000P\000D\000A\000T\000A\000p\000e\000r\000m\000i\000s\000s\000i\000o\000n}{subsection.6.4.3}% 125
\BOOKMARK [3][-]{subsubsection.6.4.3.55}{\376\377\000v\000a\000l\000i\000d\000a\000t\000e\000C\000l\000a\000i\000m\000s}{subsection.6.4.3}% 126
\BOOKMARK [2][-]{subsection.6.4.4}{\376\377\000M\000e\000m\000b\000e\000r\000\040\000D\000a\000t\000a\000\040\000D\000o\000c\000u\000m\000e\000n\000t\000a\000t\000i\000o\000n}{section.6.4}% 127
\BOOKMARK [3][-]{subsubsection.6.4.4.1}{\376\377\000p\000a\000t\000h}{subsection.6.4.4}% 128
\BOOKMARK [1][-]{section.6.5}{\376\377\000b\000a\000l\000l\000m\000e\000r\000p\000e\000a\000k\000.\000t\000u\000r\000t\000l\000e\000n\000e\000t\000.\000s\000e\000r\000v\000e\000r\000.\000F\000I\000O\000\040\000C\000l\000a\000s\000s\000\040\000R\000e\000f\000e\000r\000e\000n\000c\000e}{chapter.6}% 129
\BOOKMARK [2][-]{subsection.6.5.1}{\376\377\000D\000e\000t\000a\000i\000l\000e\000d\000\040\000D\000e\000s\000c\000r\000i\000p\000t\000i\000o\000n}{section.6.5}% 130
\BOOKMARK [2][-]{subsection.6.5.2}{\376\377\000M\000e\000m\000b\000e\000r\000\040\000F\000u\000n\000c\000t\000i\000o\000n\000\040\000D\000o\000c\000u\000m\000e\000n\000t\000a\000t\000i\000o\000n}{section.6.5}% 131
\BOOKMARK [3][-]{subsubsection.6.5.2.1}{\376\377\000r\000e\000a\000d\000F\000i\000l\000e\000B\000y\000t\000e\000s}{subsection.6.5.2}% 132
\BOOKMARK [3][-]{subsubsection.6.5.2.2}{\376\377\000w\000r\000i\000t\000e\000F\000i\000l\000e\000B\000y\000t\000e\000s}{subsection.6.5.2}% 133
\BOOKMARK [1][-]{section.6.6}{\376\377\000b\000a\000l\000l\000m\000e\000r\000p\000e\000a\000k\000.\000t\000u\000r\000t\000l\000e\000n\000e\000t\000.\000s\000e\000r\000v\000e\000r\000.\000F\000r\000i\000e\000n\000d\000\040\000C\000l\000a\000s\000s\000\040\000R\000e\000f\000e\000r\000e\000n\000c\000e}{chapter.6}% 134
\BOOKMARK [2][-]{subsection.6.6.1}{\376\377\000D\000e\000t\000a\000i\000l\000e\000d\000\040\000D\000e\000s\000c\000r\000i\000p\000t\000i\000o\000n}{section.6.6}% 135
\BOOKMARK [2][-]{subsection.6.6.2}{\376\377\000C\000o\000n\000s\000t\000r\000u\000c\000t\000o\000r\000\040\000\046\000\040\000D\000e\000s\000t\000r\000u\000c\000t\000o\000r\000\040\000D\000o\000c\000u\000m\000e\000n\000t\000a\000t\000i\000o\000n}{section.6.6}% 136
\BOOKMARK [3][-]{subsubsection.6.6.2.1}{\376\377\000F\000r\000i\000e\000n\000d}{subsection.6.6.2}% 137
\BOOKMARK [2][-]{subsection.6.6.3}{\376\377\000M\000e\000m\000b\000e\000r\000\040\000F\000u\000n\000c\000t\000i\000o\000n\000\040\000D\000o\000c\000u\000m\000e\000n\000t\000a\000t\000i\000o\000n}{section.6.6}% 138
\BOOKMARK [3][-]{subsubsection.6.6.3.1}{\376\377\000g\000e\000t\000K\000e\000y}{subsection.6.6.3}% 139
\BOOKMARK [3][-]{subsubsection.6.6.3.2}{\376\377\000g\000e\000t\000N\000a\000m\000e}{subsection.6.6.3}% 140
\BOOKMARK [3][-]{subsubsection.6.6.3.3}{\376\377\000s\000e\000t\000N\000a\000m\000e}{subsection.6.6.3}% 141
\BOOKMARK [1][-]{section.6.7}{\376\377\000b\000a\000l\000l\000m\000e\000r\000p\000e\000a\000k\000.\000t\000u\000r\000t\000l\000e\000n\000e\000t\000.\000c\000l\000i\000e\000n\000t\000.\000f\000r\000o\000n\000t\000e\000n\000d\000\040\000C\000l\000a\000s\000s\000\040\000R\000e\000f\000e\000r\000e\000n\000c\000e}{chapter.6}% 142
\BOOKMARK [2][-]{subsection.6.7.1}{\376\377\000D\000e\000t\000a\000i\000l\000e\000d\000\040\000D\000e\000s\000c\000r\000i\000p\000t\000i\000o\000n}{section.6.7}% 143
\BOOKMARK [2][-]{subsection.6.7.2}{\376\377\000M\000e\000m\000b\000e\000r\000\040\000F\000u\000n\000c\000t\000i\000o\000n\000\040\000D\000o\000c\000u\000m\000e\000n\000t\000a\000t\000i\000o\000n}{section.6.7}% 144
\BOOKMARK [3][-]{subsubsection.6.7.2.1}{\376\377\000o\000n\000C\000l\000i\000c\000k}{subsection.6.7.2}% 145
\BOOKMARK [3][-]{subsubsection.6.7.2.2}{\376\377\000o\000n\000M\000o\000d\000u\000l\000e\000L\000o\000a\000d}{subsection.6.7.2}% 146
\BOOKMARK [1][-]{section.6.8}{\376\377\000b\000a\000l\000l\000m\000e\000r\000p\000e\000a\000k\000.\000t\000u\000r\000t\000l\000e\000n\000e\000t\000.\000s\000e\000r\000v\000e\000r\000.\000L\000o\000g\000g\000e\000r\000\040\000C\000l\000a\000s\000s\000\040\000R\000e\000f\000e\000r\000e\000n\000c\000e}{chapter.6}% 147
\BOOKMARK [2][-]{subsection.6.8.1}{\376\377\000D\000e\000t\000a\000i\000l\000e\000d\000\040\000D\000e\000s\000c\000r\000i\000p\000t\000i\000o\000n}{section.6.8}% 148
\BOOKMARK [2][-]{subsection.6.8.2}{\376\377\000M\000e\000m\000b\000e\000r\000\040\000F\000u\000n\000c\000t\000i\000o\000n\000\040\000D\000o\000c\000u\000m\000e\000n\000t\000a\000t\000i\000o\000n}{section.6.8}% 149
\BOOKMARK [3][-]{subsubsection.6.8.2.1}{\376\377\000c\000l\000o\000s\000e}{subsection.6.8.2}% 150
\BOOKMARK [3][-]{subsubsection.6.8.2.2}{\376\377\000i\000n\000i\000t}{subsection.6.8.2}% 151
\BOOKMARK [3][-]{subsubsection.6.8.2.3}{\376\377\000w\000r\000i\000t\000e}{subsection.6.8.2}% 152
\BOOKMARK [1][-]{section.6.9}{\376\377\000b\000a\000l\000l\000m\000e\000r\000p\000e\000a\000k\000.\000t\000u\000r\000t\000l\000e\000n\000e\000t\000.\000s\000h\000a\000r\000e\000d\000.\000M\000e\000s\000s\000a\000g\000e\000\040\000C\000l\000a\000s\000s\000\040\000R\000e\000f\000e\000r\000e\000n\000c\000e}{chapter.6}% 153
\BOOKMARK [2][-]{subsection.6.9.1}{\376\377\000D\000e\000t\000a\000i\000l\000e\000d\000\040\000D\000e\000s\000c\000r\000i\000p\000t\000i\000o\000n}{section.6.9}% 154
\BOOKMARK [2][-]{subsection.6.9.2}{\376\377\000C\000o\000n\000s\000t\000r\000u\000c\000t\000o\000r\000\040\000\046\000\040\000D\000e\000s\000t\000r\000u\000c\000t\000o\000r\000\040\000D\000o\000c\000u\000m\000e\000n\000t\000a\000t\000i\000o\000n}{section.6.9}% 155
\BOOKMARK [3][-]{subsubsection.6.9.2.1}{\376\377\000M\000e\000s\000s\000a\000g\000e}{subsection.6.9.2}% 156
\BOOKMARK [3][-]{subsubsection.6.9.2.2}{\376\377\000M\000e\000s\000s\000a\000g\000e}{subsection.6.9.2}% 157
\BOOKMARK [2][-]{subsection.6.9.3}{\376\377\000M\000e\000m\000b\000e\000r\000\040\000F\000u\000n\000c\000t\000i\000o\000n\000\040\000D\000o\000c\000u\000m\000e\000n\000t\000a\000t\000i\000o\000n}{section.6.9}% 158
\BOOKMARK [3][-]{subsubsection.6.9.3.1}{\376\377\000A\000D\000D\000C\000A\000T\000g\000e\000t\000N\000a\000m\000e}{subsection.6.9.3}% 159
\BOOKMARK [3][-]{subsubsection.6.9.3.2}{\376\377\000A\000D\000D\000C\000A\000T\000g\000e\000t\000V\000a\000l\000u\000e}{subsection.6.9.3}% 160
\BOOKMARK [3][-]{subsubsection.6.9.3.3}{\376\377\000A\000D\000D\000K\000E\000Y\000g\000e\000t\000K\000e\000y}{subsection.6.9.3}% 161
\BOOKMARK [3][-]{subsubsection.6.9.3.4}{\376\377\000A\000D\000D\000T\000O\000C\000A\000T\000g\000e\000t\000K\000e\000y}{subsection.6.9.3}% 162
\BOOKMARK [3][-]{subsubsection.6.9.3.5}{\376\377\000A\000D\000D\000T\000O\000C\000A\000T\000g\000e\000t\000N\000a\000m\000e}{subsection.6.9.3}% 163
\BOOKMARK [3][-]{subsubsection.6.9.3.6}{\376\377\000a\000f\000t\000e\000r\000C\000o\000l\000o\000n}{subsection.6.9.3}% 164
\BOOKMARK [3][-]{subsubsection.6.9.3.7}{\376\377\000b\000e\000f\000o\000r\000e\000C\000o\000l\000o\000n}{subsection.6.9.3}% 165
\BOOKMARK [3][-]{subsubsection.6.9.3.8}{\376\377\000C\000H\000A\000T\000g\000e\000t\000K\000e\000y\000s}{subsection.6.9.3}% 166
\BOOKMARK [3][-]{subsubsection.6.9.3.9}{\376\377\000C\000L\000A\000I\000M\000g\000e\000t\000N\000a\000m\000e}{subsection.6.9.3}% 167
\BOOKMARK [3][-]{subsubsection.6.9.3.10}{\376\377\000C\000M\000N\000T\000g\000e\000t\000I\000t\000e\000m\000I\000D}{subsection.6.9.3}% 168
\BOOKMARK [3][-]{subsubsection.6.9.3.11}{\376\377\000C\000M\000N\000T\000g\000e\000t\000T\000e\000x\000t}{subsection.6.9.3}% 169
\BOOKMARK [3][-]{subsubsection.6.9.3.12}{\376\377\000E\000V\000N\000T\000g\000e\000t\000E\000n\000d}{subsection.6.9.3}% 170
\BOOKMARK [3][-]{subsubsection.6.9.3.13}{\376\377\000E\000V\000N\000T\000g\000e\000t\000N\000a\000m\000e}{subsection.6.9.3}% 171
\BOOKMARK [3][-]{subsubsection.6.9.3.14}{\376\377\000E\000V\000N\000T\000g\000e\000t\000S\000t\000a\000r\000t}{subsection.6.9.3}% 172
\BOOKMARK [3][-]{subsubsection.6.9.3.15}{\376\377\000g\000e\000t\000C\000m\000d}{subsection.6.9.3}% 173
\BOOKMARK [3][-]{subsubsection.6.9.3.16}{\376\377\000g\000e\000t\000C\000o\000n\000t\000e\000n\000t}{subsection.6.9.3}% 174
\BOOKMARK [3][-]{subsubsection.6.9.3.17}{\376\377\000g\000e\000t\000S\000i\000g}{subsection.6.9.3}% 175
\BOOKMARK [3][-]{subsubsection.6.9.3.18}{\376\377\000g\000e\000t\000T\000i\000m\000e\000s\000t\000a\000m\000p}{subsection.6.9.3}% 176
\BOOKMARK [3][-]{subsubsection.6.9.3.19}{\376\377\000L\000I\000K\000E\000g\000e\000t\000I\000t\000e\000m\000I\000D}{subsection.6.9.3}% 177
\BOOKMARK [3][-]{subsubsection.6.9.3.20}{\376\377\000p\000a\000r\000s\000e}{subsection.6.9.3}% 178
\BOOKMARK [3][-]{subsubsection.6.9.3.21}{\376\377\000P\000C\000H\000A\000T\000g\000e\000t\000C\000o\000n\000v\000e\000r\000s\000a\000t\000i\000o\000n\000I\000D}{subsection.6.9.3}% 179
\BOOKMARK [3][-]{subsubsection.6.9.3.22}{\376\377\000P\000C\000H\000A\000T\000g\000e\000t\000T\000e\000x\000t}{subsection.6.9.3}% 180
\BOOKMARK [3][-]{subsubsection.6.9.3.23}{\376\377\000P\000D\000A\000T\000A\000g\000e\000t\000V\000a\000l\000u\000e\000s}{subsection.6.9.3}% 181
\BOOKMARK [3][-]{subsubsection.6.9.3.24}{\376\377\000P\000O\000S\000T\000g\000e\000t\000T\000e\000x\000t}{subsection.6.9.3}% 182
\BOOKMARK [3][-]{subsubsection.6.9.3.25}{\376\377\000P\000O\000S\000T\000g\000e\000t\000V\000i\000s\000i\000b\000l\000e\000T\000o}{subsection.6.9.3}% 183
\BOOKMARK [3][-]{subsubsection.6.9.3.26}{\376\377\000P\000O\000S\000T\000g\000e\000t\000W\000a\000l\000l}{subsection.6.9.3}% 184
\BOOKMARK [3][-]{subsubsection.6.9.3.27}{\376\377\000R\000E\000M\000F\000R\000O\000M\000C\000A\000T\000g\000e\000t\000C\000a\000t\000e\000g\000o\000r\000y}{subsection.6.9.3}% 185
\BOOKMARK [3][-]{subsubsection.6.9.3.28}{\376\377\000R\000E\000M\000F\000R\000O\000M\000C\000A\000T\000g\000e\000t\000K\000e\000y}{subsection.6.9.3}% 186
\BOOKMARK [3][-]{subsubsection.6.9.3.29}{\376\377\000R\000E\000V\000O\000K\000E\000g\000e\000t\000T\000i\000m\000e}{subsection.6.9.3}% 187
\BOOKMARK [3][-]{subsubsection.6.9.3.30}{\376\377\000t\000o\000S\000t\000r\000i\000n\000g}{subsection.6.9.3}% 188
\BOOKMARK [3][-]{subsubsection.6.9.3.31}{\376\377\000U\000N\000L\000I\000K\000E\000g\000e\000t\000I\000t\000e\000m\000I\000D}{subsection.6.9.3}% 189
\BOOKMARK [3][-]{subsubsection.6.9.3.32}{\376\377\000U\000P\000D\000A\000T\000E\000C\000A\000T\000g\000e\000t\000N\000a\000m\000e}{subsection.6.9.3}% 190
\BOOKMARK [3][-]{subsubsection.6.9.3.33}{\376\377\000U\000P\000D\000A\000T\000E\000C\000A\000T\000g\000e\000t\000V\000a\000l\000u\000e}{subsection.6.9.3}% 191
\BOOKMARK [2][-]{subsection.6.9.4}{\376\377\000M\000e\000m\000b\000e\000r\000\040\000D\000a\000t\000a\000\040\000D\000o\000c\000u\000m\000e\000n\000t\000a\000t\000i\000o\000n}{section.6.9}% 192
\BOOKMARK [3][-]{subsubsection.6.9.4.1}{\376\377\000c\000o\000m\000m\000a\000n\000d}{subsection.6.9.4}% 193
\BOOKMARK [3][-]{subsubsection.6.9.4.2}{\376\377\000c\000o\000n\000t\000e\000n\000t}{subsection.6.9.4}% 194
\BOOKMARK [3][-]{subsubsection.6.9.4.3}{\376\377\000s\000i\000g\000n\000a\000t\000u\000r\000e}{subsection.6.9.4}% 195
\BOOKMARK [3][-]{subsubsection.6.9.4.4}{\376\377\000t\000i\000m\000e\000s\000t\000a\000m\000p}{subsection.6.9.4}% 196
\BOOKMARK [1][-]{section.6.10}{\376\377\000b\000a\000l\000l\000m\000e\000r\000p\000e\000a\000k\000.\000t\000u\000r\000t\000l\000e\000n\000e\000t\000.\000s\000e\000r\000v\000e\000r\000.\000M\000e\000s\000s\000a\000g\000e\000F\000a\000c\000t\000o\000r\000y\000\040\000C\000l\000a\000s\000s\000\040\000R\000e\000f\000e\000r\000e\000n\000c\000e}{chapter.6}% 197
\BOOKMARK [2][-]{subsection.6.10.1}{\376\377\000D\000e\000t\000a\000i\000l\000e\000d\000\040\000D\000e\000s\000c\000r\000i\000p\000t\000i\000o\000n}{section.6.10}% 198
\BOOKMARK [2][-]{subsection.6.10.2}{\376\377\000C\000o\000n\000s\000t\000r\000u\000c\000t\000o\000r\000\040\000\046\000\040\000D\000e\000s\000t\000r\000u\000c\000t\000o\000r\000\040\000D\000o\000c\000u\000m\000e\000n\000t\000a\000t\000i\000o\000n}{section.6.10}% 199
\BOOKMARK [3][-]{subsubsection.6.10.2.1}{\376\377\000M\000e\000s\000s\000a\000g\000e\000F\000a\000c\000t\000o\000r\000y}{subsection.6.10.2}% 200
\BOOKMARK [2][-]{subsection.6.10.3}{\376\377\000M\000e\000m\000b\000e\000r\000\040\000F\000u\000n\000c\000t\000i\000o\000n\000\040\000D\000o\000c\000u\000m\000e\000n\000t\000a\000t\000i\000o\000n}{section.6.10}% 201
\BOOKMARK [3][-]{subsubsection.6.10.3.1}{\376\377\000n\000e\000w\000A\000D\000D\000C\000A\000T}{subsection.6.10.3}% 202
\BOOKMARK [3][-]{subsubsection.6.10.3.2}{\376\377\000n\000e\000w\000A\000D\000D\000K\000E\000Y}{subsection.6.10.3}% 203
\BOOKMARK [3][-]{subsubsection.6.10.3.3}{\376\377\000n\000e\000w\000A\000D\000D\000T\000O\000C\000A\000T}{subsection.6.10.3}% 204
\BOOKMARK [3][-]{subsubsection.6.10.3.4}{\376\377\000n\000e\000w\000C\000H\000A\000T}{subsection.6.10.3}% 205
\BOOKMARK [3][-]{subsubsection.6.10.3.5}{\376\377\000n\000e\000w\000C\000H\000A\000T}{subsection.6.10.3}% 206
\BOOKMARK [3][-]{subsubsection.6.10.3.6}{\376\377\000n\000e\000w\000C\000L\000A\000I\000M}{subsection.6.10.3}% 207
\BOOKMARK [3][-]{subsubsection.6.10.3.7}{\376\377\000n\000e\000w\000C\000M\000N\000T}{subsection.6.10.3}% 208
\BOOKMARK [3][-]{subsubsection.6.10.3.8}{\376\377\000n\000e\000w\000E\000V\000N\000T}{subsection.6.10.3}% 209
\BOOKMARK [3][-]{subsubsection.6.10.3.9}{\376\377\000n\000e\000w\000L\000I\000K\000E}{subsection.6.10.3}% 210
\BOOKMARK [3][-]{subsubsection.6.10.3.10}{\376\377\000n\000e\000w\000M\000e\000s\000s\000a\000g\000e}{subsection.6.10.3}% 211
\BOOKMARK [3][-]{subsubsection.6.10.3.11}{\376\377\000n\000e\000w\000P\000C\000H\000A\000T}{subsection.6.10.3}% 212
\BOOKMARK [3][-]{subsubsection.6.10.3.12}{\376\377\000n\000e\000w\000P\000D\000A\000T\000A}{subsection.6.10.3}% 213
\BOOKMARK [3][-]{subsubsection.6.10.3.13}{\376\377\000n\000e\000w\000P\000D\000A\000T\000A}{subsection.6.10.3}% 214
\BOOKMARK [3][-]{subsubsection.6.10.3.14}{\376\377\000n\000e\000w\000P\000O\000S\000T}{subsection.6.10.3}% 215
\BOOKMARK [3][-]{subsubsection.6.10.3.15}{\376\377\000n\000e\000w\000R\000E\000M\000F\000R\000O\000M\000C\000A\000T}{subsection.6.10.3}% 216
\BOOKMARK [3][-]{subsubsection.6.10.3.16}{\376\377\000n\000e\000w\000R\000E\000V\000O\000K\000E}{subsection.6.10.3}% 217
\BOOKMARK [3][-]{subsubsection.6.10.3.17}{\376\377\000n\000e\000w\000U\000N\000L\000I\000K\000E}{subsection.6.10.3}% 218
\BOOKMARK [3][-]{subsubsection.6.10.3.18}{\376\377\000n\000e\000w\000U\000P\000D\000A\000T\000E\000C\000A\000T}{subsection.6.10.3}% 219
\BOOKMARK [1][-]{section.6.11}{\376\377\000b\000a\000l\000l\000m\000e\000r\000p\000e\000a\000k\000.\000t\000u\000r\000t\000l\000e\000n\000e\000t\000.\000s\000e\000r\000v\000e\000r\000.\000N\000e\000t\000w\000o\000r\000k\000C\000o\000n\000n\000e\000c\000t\000i\000o\000n\000\040\000C\000l\000a\000s\000s\000\040\000R\000e\000f\000e\000r\000e\000n\000c\000e}{chapter.6}% 220
\BOOKMARK [2][-]{subsection.6.11.1}{\376\377\000D\000e\000t\000a\000i\000l\000e\000d\000\040\000D\000e\000s\000c\000r\000i\000p\000t\000i\000o\000n}{section.6.11}% 221
\BOOKMARK [2][-]{subsection.6.11.2}{\376\377\000C\000o\000n\000s\000t\000r\000u\000c\000t\000o\000r\000\040\000\046\000\040\000D\000e\000s\000t\000r\000u\000c\000t\000o\000r\000\040\000D\000o\000c\000u\000m\000e\000n\000t\000a\000t\000i\000o\000n}{section.6.11}% 222
\BOOKMARK [3][-]{subsubsection.6.11.2.1}{\376\377\000N\000e\000t\000w\000o\000r\000k\000C\000o\000n\000n\000e\000c\000t\000i\000o\000n}{subsection.6.11.2}% 223
\BOOKMARK [2][-]{subsection.6.11.3}{\376\377\000M\000e\000m\000b\000e\000r\000\040\000F\000u\000n\000c\000t\000i\000o\000n\000\040\000D\000o\000c\000u\000m\000e\000n\000t\000a\000t\000i\000o\000n}{section.6.11}% 224
\BOOKMARK [3][-]{subsubsection.6.11.3.1}{\376\377\000c\000l\000a\000i\000m\000N\000a\000m\000e}{subsection.6.11.3}% 225
\BOOKMARK [3][-]{subsubsection.6.11.3.2}{\376\377\000c\000l\000o\000s\000e}{subsection.6.11.3}% 226
\BOOKMARK [3][-]{subsubsection.6.11.3.3}{\376\377\000d\000o\000w\000n\000l\000o\000a\000d\000N\000e\000w\000M\000e\000s\000s\000a\000g\000e\000s}{subsection.6.11.3}% 227
\BOOKMARK [3][-]{subsubsection.6.11.3.4}{\376\377\000g\000e\000t\000M\000e\000s\000s\000a\000g\000e}{subsection.6.11.3}% 228
\BOOKMARK [3][-]{subsubsection.6.11.3.5}{\376\377\000g\000e\000t\000T\000i\000m\000e}{subsection.6.11.3}% 229
\BOOKMARK [3][-]{subsubsection.6.11.3.6}{\376\377\000h\000a\000s\000M\000e\000s\000s\000a\000g\000e}{subsection.6.11.3}% 230
\BOOKMARK [3][-]{subsubsection.6.11.3.7}{\376\377\000p\000o\000s\000t\000M\000e\000s\000s\000a\000g\000e}{subsection.6.11.3}% 231
\BOOKMARK [3][-]{subsubsection.6.11.3.8}{\376\377\000r\000u\000n}{subsection.6.11.3}% 232
\BOOKMARK [1][-]{section.6.12}{\376\377\000b\000a\000l\000l\000m\000e\000r\000p\000e\000a\000k\000.\000t\000u\000r\000t\000l\000e\000n\000e\000t\000.\000s\000e\000r\000v\000e\000r\000.\000P\000a\000i\000r\000<\000\040\000A\000,\000\040\000B\000\040\000>\000\040\000C\000l\000a\000s\000s\000\040\000R\000e\000f\000e\000r\000e\000n\000c\000e}{chapter.6}% 233
\BOOKMARK [2][-]{subsection.6.12.1}{\376\377\000D\000e\000t\000a\000i\000l\000e\000d\000\040\000D\000e\000s\000c\000r\000i\000p\000t\000i\000o\000n}{section.6.12}% 234
\BOOKMARK [2][-]{subsection.6.12.2}{\376\377\000C\000o\000n\000s\000t\000r\000u\000c\000t\000o\000r\000\040\000\046\000\040\000D\000e\000s\000t\000r\000u\000c\000t\000o\000r\000\040\000D\000o\000c\000u\000m\000e\000n\000t\000a\000t\000i\000o\000n}{section.6.12}% 235
\BOOKMARK [3][-]{subsubsection.6.12.2.1}{\376\377\000P\000a\000i\000r}{subsection.6.12.2}% 236
\BOOKMARK [2][-]{subsection.6.12.3}{\376\377\000M\000e\000m\000b\000e\000r\000\040\000D\000a\000t\000a\000\040\000D\000o\000c\000u\000m\000e\000n\000t\000a\000t\000i\000o\000n}{section.6.12}% 237
\BOOKMARK [3][-]{subsubsection.6.12.3.1}{\376\377\000f\000i\000r\000s\000t}{subsection.6.12.3}% 238
\BOOKMARK [3][-]{subsubsection.6.12.3.2}{\376\377\000s\000e\000c\000o\000n\000d}{subsection.6.12.3}% 239
\BOOKMARK [1][-]{section.6.13}{\376\377\000b\000a\000l\000l\000m\000e\000r\000p\000e\000a\000k\000.\000t\000u\000r\000t\000l\000e\000n\000e\000t\000.\000s\000e\000r\000v\000e\000r\000.\000P\000a\000r\000s\000e\000r\000\040\000C\000l\000a\000s\000s\000\040\000R\000e\000f\000e\000r\000e\000n\000c\000e}{chapter.6}% 240
\BOOKMARK [2][-]{subsection.6.13.1}{\376\377\000D\000e\000t\000a\000i\000l\000e\000d\000\040\000D\000e\000s\000c\000r\000i\000p\000t\000i\000o\000n}{section.6.13}% 241
\BOOKMARK [2][-]{subsection.6.13.2}{\376\377\000M\000e\000m\000b\000e\000r\000\040\000F\000u\000n\000c\000t\000i\000o\000n\000\040\000D\000o\000c\000u\000m\000e\000n\000t\000a\000t\000i\000o\000n}{section.6.13}% 242
\BOOKMARK [3][-]{subsubsection.6.13.2.1}{\376\377\000p\000a\000r\000s\000e}{subsection.6.13.2}% 243
\BOOKMARK [1][-]{section.6.14}{\376\377\000b\000a\000l\000l\000m\000e\000r\000p\000e\000a\000k\000.\000t\000u\000r\000t\000l\000e\000n\000e\000t\000.\000s\000h\000a\000r\000e\000d\000.\000P\000o\000s\000t\000D\000e\000t\000a\000i\000l\000s\000\040\000C\000l\000a\000s\000s\000\040\000R\000e\000f\000e\000r\000e\000n\000c\000e}{chapter.6}% 244
\BOOKMARK [2][-]{subsection.6.14.1}{\376\377\000D\000e\000t\000a\000i\000l\000e\000d\000\040\000D\000e\000s\000c\000r\000i\000p\000t\000i\000o\000n}{section.6.14}% 245
\BOOKMARK [2][-]{subsection.6.14.2}{\376\377\000C\000o\000n\000s\000t\000r\000u\000c\000t\000o\000r\000\040\000\046\000\040\000D\000e\000s\000t\000r\000u\000c\000t\000o\000r\000\040\000D\000o\000c\000u\000m\000e\000n\000t\000a\000t\000i\000o\000n}{section.6.14}% 246
\BOOKMARK [3][-]{subsubsection.6.14.2.1}{\376\377\000P\000o\000s\000t\000D\000e\000t\000a\000i\000l\000s}{subsection.6.14.2}% 247
\BOOKMARK [3][-]{subsubsection.6.14.2.2}{\376\377\000P\000o\000s\000t\000D\000e\000t\000a\000i\000l\000s}{subsection.6.14.2}% 248
\BOOKMARK [2][-]{subsection.6.14.3}{\376\377\000M\000e\000m\000b\000e\000r\000\040\000D\000a\000t\000a\000\040\000D\000o\000c\000u\000m\000e\000n\000t\000a\000t\000i\000o\000n}{section.6.14}% 249
\BOOKMARK [3][-]{subsubsection.6.14.3.1}{\376\377\000c\000o\000m\000m\000e\000n\000t\000C\000o\000u\000n\000t}{subsection.6.14.3}% 250
\BOOKMARK [3][-]{subsubsection.6.14.3.2}{\376\377\000l\000i\000k\000e\000d}{subsection.6.14.3}% 251
\BOOKMARK [3][-]{subsubsection.6.14.3.3}{\376\377\000p\000o\000s\000t\000e\000r\000K\000e\000y}{subsection.6.14.3}% 252
\BOOKMARK [3][-]{subsubsection.6.14.3.4}{\376\377\000p\000o\000s\000t\000e\000r\000U\000s\000e\000r\000n\000a\000m\000e}{subsection.6.14.3}% 253
\BOOKMARK [3][-]{subsubsection.6.14.3.5}{\376\377\000s\000i\000g}{subsection.6.14.3}% 254
\BOOKMARK [3][-]{subsubsection.6.14.3.6}{\376\377\000t\000e\000x\000t}{subsection.6.14.3}% 255
\BOOKMARK [3][-]{subsubsection.6.14.3.7}{\376\377\000t\000i\000m\000e\000s\000t\000a\000m\000p}{subsection.6.14.3}% 256
\BOOKMARK [1][-]{section.6.15}{\376\377\000b\000a\000l\000l\000m\000e\000r\000p\000e\000a\000k\000.\000t\000u\000r\000t\000l\000e\000n\000e\000t\000.\000r\000e\000m\000o\000t\000e\000s\000e\000r\000v\000e\000r\000.\000S\000e\000r\000v\000e\000r\000\040\000C\000l\000a\000s\000s\000\040\000R\000e\000f\000e\000r\000e\000n\000c\000e}{chapter.6}% 257
\BOOKMARK [2][-]{subsection.6.15.1}{\376\377\000D\000e\000t\000a\000i\000l\000e\000d\000\040\000D\000e\000s\000c\000r\000i\000p\000t\000i\000o\000n}{section.6.15}% 258
\BOOKMARK [2][-]{subsection.6.15.2}{\376\377\000M\000e\000m\000b\000e\000r\000\040\000F\000u\000n\000c\000t\000i\000o\000n\000\040\000D\000o\000c\000u\000m\000e\000n\000t\000a\000t\000i\000o\000n}{section.6.15}% 259
\BOOKMARK [3][-]{subsubsection.6.15.2.1}{\376\377\000m\000a\000i\000n}{subsection.6.15.2}% 260
\BOOKMARK [3][-]{subsubsection.6.15.2.2}{\376\377\000s\000h\000u\000t\000d\000o\000w\000n}{subsection.6.15.2}% 261
\BOOKMARK [3][-]{subsubsection.6.15.2.3}{\376\377\000s\000t\000a\000r\000t}{subsection.6.15.2}% 262
\BOOKMARK [2][-]{subsection.6.15.3}{\376\377\000M\000e\000m\000b\000e\000r\000\040\000D\000a\000t\000a\000\040\000D\000o\000c\000u\000m\000e\000n\000t\000a\000t\000i\000o\000n}{section.6.15}% 263
\BOOKMARK [3][-]{subsubsection.6.15.3.1}{\376\377\000s\000h\000u\000t\000d\000o\000w\000n\000P\000a\000s\000s\000w\000o\000r\000d}{subsection.6.15.3}% 264
\BOOKMARK [1][-]{section.6.16}{\376\377\000b\000a\000l\000l\000m\000e\000r\000p\000e\000a\000k\000.\000t\000u\000r\000t\000l\000e\000n\000e\000t\000.\000s\000e\000r\000v\000e\000r\000.\000T\000N\000C\000l\000i\000e\000n\000t\000\040\000C\000l\000a\000s\000s\000\040\000R\000e\000f\000e\000r\000e\000n\000c\000e}{chapter.6}% 265
\BOOKMARK [2][-]{subsection.6.16.1}{\376\377\000D\000e\000t\000a\000i\000l\000e\000d\000\040\000D\000e\000s\000c\000r\000i\000p\000t\000i\000o\000n}{section.6.16}% 266
\BOOKMARK [2][-]{subsection.6.16.2}{\376\377\000C\000o\000n\000s\000t\000r\000u\000c\000t\000o\000r\000\040\000\046\000\040\000D\000e\000s\000t\000r\000u\000c\000t\000o\000r\000\040\000D\000o\000c\000u\000m\000e\000n\000t\000a\000t\000i\000o\000n}{section.6.16}% 267
\BOOKMARK [3][-]{subsubsection.6.16.2.1}{\376\377\000T\000N\000C\000l\000i\000e\000n\000t}{subsection.6.16.2}% 268
\BOOKMARK [2][-]{subsection.6.16.3}{\376\377\000M\000e\000m\000b\000e\000r\000\040\000F\000u\000n\000c\000t\000i\000o\000n\000\040\000D\000o\000c\000u\000m\000e\000n\000t\000a\000t\000i\000o\000n}{section.6.16}% 269
\BOOKMARK [3][-]{subsubsection.6.16.3.1}{\376\377\000r\000u\000n}{subsection.6.16.3}% 270
\BOOKMARK [2][-]{subsection.6.16.4}{\376\377\000M\000e\000m\000b\000e\000r\000\040\000D\000a\000t\000a\000\040\000D\000o\000c\000u\000m\000e\000n\000t\000a\000t\000i\000o\000n}{section.6.16}% 271
\BOOKMARK [3][-]{subsubsection.6.16.4.1}{\376\377\000c\000o\000n\000n\000e\000c\000t\000i\000o\000n}{subsection.6.16.4}% 272
\BOOKMARK [3][-]{subsubsection.6.16.4.2}{\376\377\000d\000b}{subsection.6.16.4}% 273
\BOOKMARK [3][-]{subsubsection.6.16.4.3}{\376\377\000d\000b\000R\000e\000a\000d\000y}{subsection.6.16.4}% 274
\BOOKMARK [3][-]{subsubsection.6.16.4.4}{\376\377\000n\000e\000t\000w\000o\000r\000k\000T\000h\000r\000e\000a\000d}{subsection.6.16.4}% 275
\BOOKMARK [3][-]{subsubsection.6.16.4.5}{\376\377\000p\000a\000s\000s\000w\000o\000r\000d}{subsection.6.16.4}% 276
\BOOKMARK [3][-]{subsubsection.6.16.4.6}{\376\377\000r\000u\000n\000n\000i\000n\000g}{subsection.6.16.4}% 277
\BOOKMARK [1][-]{section.6.17}{\376\377\000b\000a\000l\000l\000m\000e\000r\000p\000e\000a\000k\000.\000t\000u\000r\000t\000l\000e\000n\000e\000t\000.\000s\000h\000a\000r\000e\000d\000.\000T\000o\000k\000e\000n\000i\000z\000e\000r\000\040\000C\000l\000a\000s\000s\000\040\000R\000e\000f\000e\000r\000e\000n\000c\000e}{chapter.6}% 278
\BOOKMARK [2][-]{subsection.6.17.1}{\376\377\000D\000e\000t\000a\000i\000l\000e\000d\000\040\000D\000e\000s\000c\000r\000i\000p\000t\000i\000o\000n}{section.6.17}% 279
\BOOKMARK [2][-]{subsection.6.17.2}{\376\377\000C\000o\000n\000s\000t\000r\000u\000c\000t\000o\000r\000\040\000\046\000\040\000D\000e\000s\000t\000r\000u\000c\000t\000o\000r\000\040\000D\000o\000c\000u\000m\000e\000n\000t\000a\000t\000i\000o\000n}{section.6.17}% 280
\BOOKMARK [3][-]{subsubsection.6.17.2.1}{\376\377\000T\000o\000k\000e\000n\000i\000z\000e\000r}{subsection.6.17.2}% 281
\BOOKMARK [2][-]{subsection.6.17.3}{\376\377\000M\000e\000m\000b\000e\000r\000\040\000F\000u\000n\000c\000t\000i\000o\000n\000\040\000D\000o\000c\000u\000m\000e\000n\000t\000a\000t\000i\000o\000n}{section.6.17}% 282
\BOOKMARK [3][-]{subsubsection.6.17.3.1}{\376\377\000c\000o\000u\000n\000t\000T\000o\000k\000e\000n\000s}{subsection.6.17.3}% 283
\BOOKMARK [3][-]{subsubsection.6.17.3.2}{\376\377\000h\000a\000s\000M\000o\000r\000e\000T\000o\000k\000e\000n\000s}{subsection.6.17.3}% 284
\BOOKMARK [3][-]{subsubsection.6.17.3.3}{\376\377\000n\000e\000x\000t\000T\000o\000k\000e\000n}{subsection.6.17.3}% 285
\BOOKMARK [1][-]{section.6.18}{\376\377\000b\000a\000l\000l\000m\000e\000r\000p\000e\000a\000k\000.\000t\000u\000r\000t\000l\000e\000n\000e\000t\000.\000c\000l\000i\000e\000n\000t\000.\000T\000u\000r\000t\000l\000e\000n\000e\000t\000\040\000I\000n\000t\000e\000r\000f\000a\000c\000e\000\040\000R\000e\000f\000e\000r\000e\000n\000c\000e}{chapter.6}% 286
\BOOKMARK [2][-]{subsection.6.18.1}{\376\377\000D\000e\000t\000a\000i\000l\000e\000d\000\040\000D\000e\000s\000c\000r\000i\000p\000t\000i\000o\000n}{section.6.18}% 287
\BOOKMARK [2][-]{subsection.6.18.2}{\376\377\000M\000e\000m\000b\000e\000r\000\040\000F\000u\000n\000c\000t\000i\000o\000n\000\040\000D\000o\000c\000u\000m\000e\000n\000t\000a\000t\000i\000o\000n}{section.6.18}% 288
\BOOKMARK [3][-]{subsubsection.6.18.2.1}{\376\377\000a\000d\000d\000C\000a\000t\000e\000g\000o\000r\000y}{subsection.6.18.2}% 289
\BOOKMARK [3][-]{subsubsection.6.18.2.2}{\376\377\000a\000d\000d\000C\000o\000m\000m\000e\000n\000t}{subsection.6.18.2}% 290
\BOOKMARK [3][-]{subsubsection.6.18.2.3}{\376\377\000a\000d\000d\000K\000e\000y}{subsection.6.18.2}% 291
\BOOKMARK [3][-]{subsubsection.6.18.2.4}{\376\377\000a\000d\000d\000M\000e\000s\000s\000a\000g\000e\000T\000o\000C\000H\000A\000T}{subsection.6.18.2}% 292
\BOOKMARK [3][-]{subsubsection.6.18.2.5}{\376\377\000a\000d\000d\000P\000o\000s\000t}{subsection.6.18.2}% 293
\BOOKMARK [3][-]{subsubsection.6.18.2.6}{\376\377\000a\000d\000d\000T\000o\000C\000a\000t\000e\000g\000o\000r\000y}{subsection.6.18.2}% 294
\BOOKMARK [3][-]{subsubsection.6.18.2.7}{\376\377\000c\000l\000a\000i\000m\000U\000s\000e\000r\000n\000a\000m\000e}{subsection.6.18.2}% 295
\BOOKMARK [3][-]{subsubsection.6.18.2.8}{\376\377\000c\000r\000e\000a\000t\000e\000C\000H\000A\000T}{subsection.6.18.2}% 296
\BOOKMARK [3][-]{subsubsection.6.18.2.9}{\376\377\000g\000e\000t\000C\000a\000t\000e\000g\000o\000r\000i\000e\000s}{subsection.6.18.2}% 297
\BOOKMARK [3][-]{subsubsection.6.18.2.10}{\376\377\000g\000e\000t\000C\000a\000t\000e\000g\000o\000r\000y\000M\000e\000m\000b\000e\000r\000s}{subsection.6.18.2}% 298
\BOOKMARK [3][-]{subsubsection.6.18.2.11}{\376\377\000g\000e\000t\000C\000o\000m\000m\000e\000n\000t\000s}{subsection.6.18.2}% 299
\BOOKMARK [3][-]{subsubsection.6.18.2.12}{\376\377\000g\000e\000t\000C\000o\000n\000v\000e\000r\000s\000a\000t\000i\000o\000n}{subsection.6.18.2}% 300
\BOOKMARK [3][-]{subsubsection.6.18.2.13}{\376\377\000g\000e\000t\000C\000o\000n\000v\000e\000r\000s\000a\000t\000i\000o\000n\000M\000e\000s\000s\000a\000g\000e\000s}{subsection.6.18.2}% 301
\BOOKMARK [3][-]{subsubsection.6.18.2.14}{\376\377\000g\000e\000t\000C\000o\000n\000v\000e\000r\000s\000a\000t\000i\000o\000n\000s}{subsection.6.18.2}% 302
\BOOKMARK [3][-]{subsubsection.6.18.2.15}{\376\377\000g\000e\000t\000C\000o\000n\000v\000o\000L\000a\000s\000t\000U\000p\000d\000a\000t\000e\000d}{subsection.6.18.2}% 303
\BOOKMARK [3][-]{subsubsection.6.18.2.16}{\376\377\000g\000e\000t\000K\000e\000y}{subsection.6.18.2}% 304
\BOOKMARK [3][-]{subsubsection.6.18.2.17}{\376\377\000g\000e\000t\000M\000y\000K\000e\000y}{subsection.6.18.2}% 305
\BOOKMARK [3][-]{subsubsection.6.18.2.18}{\376\377\000g\000e\000t\000M\000y\000P\000D\000A\000T\000A}{subsection.6.18.2}% 306
\BOOKMARK [3][-]{subsubsection.6.18.2.19}{\376\377\000g\000e\000t\000M\000y\000U\000s\000e\000r\000n\000a\000m\000e}{subsection.6.18.2}% 307
\BOOKMARK [3][-]{subsubsection.6.18.2.20}{\376\377\000g\000e\000t\000P\000D\000A\000T\000A}{subsection.6.18.2}% 308
\BOOKMARK [3][-]{subsubsection.6.18.2.21}{\376\377\000g\000e\000t\000P\000e\000o\000p\000l\000e}{subsection.6.18.2}% 309
\BOOKMARK [3][-]{subsubsection.6.18.2.22}{\376\377\000g\000e\000t\000P\000o\000s\000t\000L\000a\000s\000t\000C\000o\000m\000m\000e\000n\000t\000e\000d}{subsection.6.18.2}% 310
\BOOKMARK [3][-]{subsubsection.6.18.2.23}{\376\377\000g\000e\000t\000U\000s\000e\000r\000n\000a\000m\000e}{subsection.6.18.2}% 311
\BOOKMARK [3][-]{subsubsection.6.18.2.24}{\376\377\000g\000e\000t\000W\000a\000l\000l\000P\000o\000s\000t\000s}{subsection.6.18.2}% 312
\BOOKMARK [3][-]{subsubsection.6.18.2.25}{\376\377\000i\000s\000F\000i\000r\000s\000t\000T\000i\000m\000e}{subsection.6.18.2}% 313
\BOOKMARK [3][-]{subsubsection.6.18.2.26}{\376\377\000l\000i\000k\000e}{subsection.6.18.2}% 314
\BOOKMARK [3][-]{subsubsection.6.18.2.27}{\376\377\000r\000e\000g\000i\000s\000t\000e\000r}{subsection.6.18.2}% 315
\BOOKMARK [3][-]{subsubsection.6.18.2.28}{\376\377\000r\000e\000m\000o\000v\000e\000F\000r\000o\000m\000C\000a\000t\000e\000g\000o\000r\000y}{subsection.6.18.2}% 316
\BOOKMARK [3][-]{subsubsection.6.18.2.29}{\376\377\000r\000e\000v\000o\000k\000e\000M\000y\000K\000e\000y}{subsection.6.18.2}% 317
\BOOKMARK [3][-]{subsubsection.6.18.2.30}{\376\377\000s\000t\000a\000r\000t\000T\000N}{subsection.6.18.2}% 318
\BOOKMARK [3][-]{subsubsection.6.18.2.31}{\376\377\000s\000t\000o\000p\000T\000N}{subsection.6.18.2}% 319
\BOOKMARK [3][-]{subsubsection.6.18.2.32}{\376\377\000t\000i\000m\000e\000M\000o\000s\000t\000R\000e\000c\000e\000n\000t\000W\000a\000l\000l\000P\000o\000s\000t}{subsection.6.18.2}% 320
\BOOKMARK [3][-]{subsubsection.6.18.2.33}{\376\377\000u\000n\000l\000i\000k\000e}{subsection.6.18.2}% 321
\BOOKMARK [3][-]{subsubsection.6.18.2.34}{\376\377\000u\000p\000d\000a\000t\000e\000P\000D\000A\000T\000A}{subsection.6.18.2}% 322
\BOOKMARK [3][-]{subsubsection.6.18.2.35}{\376\377\000u\000p\000d\000a\000t\000e\000P\000D\000A\000T\000A\000p\000e\000r\000m\000i\000s\000s\000i\000o\000n}{subsection.6.18.2}% 323
\BOOKMARK [1][-]{section.6.19}{\376\377\000b\000a\000l\000l\000m\000e\000r\000p\000e\000a\000k\000.\000t\000u\000r\000t\000l\000e\000n\000e\000t\000.\000c\000l\000i\000e\000n\000t\000.\000T\000u\000r\000t\000l\000e\000n\000e\000t\000A\000s\000y\000n\000c\000\040\000I\000n\000t\000e\000r\000f\000a\000c\000e\000\040\000R\000e\000f\000e\000r\000e\000n\000c\000e}{chapter.6}% 324
\BOOKMARK [2][-]{subsection.6.19.1}{\376\377\000D\000e\000t\000a\000i\000l\000e\000d\000\040\000D\000e\000s\000c\000r\000i\000p\000t\000i\000o\000n}{section.6.19}% 325
\BOOKMARK [2][-]{subsection.6.19.2}{\376\377\000M\000e\000m\000b\000e\000r\000\040\000F\000u\000n\000c\000t\000i\000o\000n\000\040\000D\000o\000c\000u\000m\000e\000n\000t\000a\000t\000i\000o\000n}{section.6.19}% 326
\BOOKMARK [3][-]{subsubsection.6.19.2.1}{\376\377\000a\000d\000d\000C\000a\000t\000e\000g\000o\000r\000y}{subsection.6.19.2}% 327
\BOOKMARK [3][-]{subsubsection.6.19.2.2}{\376\377\000a\000d\000d\000C\000o\000m\000m\000e\000n\000t}{subsection.6.19.2}% 328
\BOOKMARK [3][-]{subsubsection.6.19.2.3}{\376\377\000a\000d\000d\000K\000e\000y}{subsection.6.19.2}% 329
\BOOKMARK [3][-]{subsubsection.6.19.2.4}{\376\377\000a\000d\000d\000M\000e\000s\000s\000a\000g\000e\000T\000o\000C\000H\000A\000T}{subsection.6.19.2}% 330
\BOOKMARK [3][-]{subsubsection.6.19.2.5}{\376\377\000a\000d\000d\000P\000o\000s\000t}{subsection.6.19.2}% 331
\BOOKMARK [3][-]{subsubsection.6.19.2.6}{\376\377\000a\000d\000d\000T\000o\000C\000a\000t\000e\000g\000o\000r\000y}{subsection.6.19.2}% 332
\BOOKMARK [3][-]{subsubsection.6.19.2.7}{\376\377\000c\000l\000a\000i\000m\000U\000s\000e\000r\000n\000a\000m\000e}{subsection.6.19.2}% 333
\BOOKMARK [3][-]{subsubsection.6.19.2.8}{\376\377\000c\000r\000e\000a\000t\000e\000C\000H\000A\000T}{subsection.6.19.2}% 334
\BOOKMARK [3][-]{subsubsection.6.19.2.9}{\376\377\000g\000e\000t\000C\000a\000t\000e\000g\000o\000r\000i\000e\000s}{subsection.6.19.2}% 335
\BOOKMARK [3][-]{subsubsection.6.19.2.10}{\376\377\000g\000e\000t\000C\000a\000t\000e\000g\000o\000r\000y\000M\000e\000m\000b\000e\000r\000s}{subsection.6.19.2}% 336
\BOOKMARK [3][-]{subsubsection.6.19.2.11}{\376\377\000g\000e\000t\000C\000o\000m\000m\000e\000n\000t\000s}{subsection.6.19.2}% 337
\BOOKMARK [3][-]{subsubsection.6.19.2.12}{\376\377\000g\000e\000t\000C\000o\000n\000v\000e\000r\000s\000a\000t\000i\000o\000n}{subsection.6.19.2}% 338
\BOOKMARK [3][-]{subsubsection.6.19.2.13}{\376\377\000g\000e\000t\000C\000o\000n\000v\000e\000r\000s\000a\000t\000i\000o\000n\000M\000e\000s\000s\000a\000g\000e\000s}{subsection.6.19.2}% 339
\BOOKMARK [3][-]{subsubsection.6.19.2.14}{\376\377\000g\000e\000t\000C\000o\000n\000v\000e\000r\000s\000a\000t\000i\000o\000n\000s}{subsection.6.19.2}% 340
\BOOKMARK [3][-]{subsubsection.6.19.2.15}{\376\377\000g\000e\000t\000C\000o\000n\000v\000o\000L\000a\000s\000t\000U\000p\000d\000a\000t\000e\000d}{subsection.6.19.2}% 341
\BOOKMARK [3][-]{subsubsection.6.19.2.16}{\376\377\000g\000e\000t\000K\000e\000y}{subsection.6.19.2}% 342
\BOOKMARK [3][-]{subsubsection.6.19.2.17}{\376\377\000g\000e\000t\000M\000y\000K\000e\000y}{subsection.6.19.2}% 343
\BOOKMARK [3][-]{subsubsection.6.19.2.18}{\376\377\000g\000e\000t\000M\000y\000P\000D\000A\000T\000A}{subsection.6.19.2}% 344
\BOOKMARK [3][-]{subsubsection.6.19.2.19}{\376\377\000g\000e\000t\000M\000y\000U\000s\000e\000r\000n\000a\000m\000e}{subsection.6.19.2}% 345
\BOOKMARK [3][-]{subsubsection.6.19.2.20}{\376\377\000g\000e\000t\000P\000D\000A\000T\000A}{subsection.6.19.2}% 346
\BOOKMARK [3][-]{subsubsection.6.19.2.21}{\376\377\000g\000e\000t\000P\000e\000o\000p\000l\000e}{subsection.6.19.2}% 347
\BOOKMARK [3][-]{subsubsection.6.19.2.22}{\376\377\000g\000e\000t\000P\000o\000s\000t\000L\000a\000s\000t\000C\000o\000m\000m\000e\000n\000t\000e\000d}{subsection.6.19.2}% 348
\BOOKMARK [3][-]{subsubsection.6.19.2.23}{\376\377\000g\000e\000t\000U\000s\000e\000r\000n\000a\000m\000e}{subsection.6.19.2}% 349
\BOOKMARK [3][-]{subsubsection.6.19.2.24}{\376\377\000g\000e\000t\000W\000a\000l\000l\000P\000o\000s\000t\000s}{subsection.6.19.2}% 350
\BOOKMARK [3][-]{subsubsection.6.19.2.25}{\376\377\000i\000s\000F\000i\000r\000s\000t\000T\000i\000m\000e}{subsection.6.19.2}% 351
\BOOKMARK [3][-]{subsubsection.6.19.2.26}{\376\377\000l\000i\000k\000e}{subsection.6.19.2}% 352
\BOOKMARK [3][-]{subsubsection.6.19.2.27}{\376\377\000r\000e\000g\000i\000s\000t\000e\000r}{subsection.6.19.2}% 353
\BOOKMARK [3][-]{subsubsection.6.19.2.28}{\376\377\000r\000e\000m\000o\000v\000e\000F\000r\000o\000m\000C\000a\000t\000e\000g\000o\000r\000y}{subsection.6.19.2}% 354
\BOOKMARK [3][-]{subsubsection.6.19.2.29}{\376\377\000r\000e\000v\000o\000k\000e\000M\000y\000K\000e\000y}{subsection.6.19.2}% 355
\BOOKMARK [3][-]{subsubsection.6.19.2.30}{\376\377\000s\000t\000a\000r\000t\000T\000N}{subsection.6.19.2}% 356
\BOOKMARK [3][-]{subsubsection.6.19.2.31}{\376\377\000s\000t\000o\000p\000T\000N}{subsection.6.19.2}% 357
\BOOKMARK [3][-]{subsubsection.6.19.2.32}{\376\377\000t\000i\000m\000e\000M\000o\000s\000t\000R\000e\000c\000e\000n\000t\000W\000a\000l\000l\000P\000o\000s\000t}{subsection.6.19.2}% 358
\BOOKMARK [3][-]{subsubsection.6.19.2.33}{\376\377\000u\000n\000l\000i\000k\000e}{subsection.6.19.2}% 359
\BOOKMARK [3][-]{subsubsection.6.19.2.34}{\376\377\000u\000p\000d\000a\000t\000e\000P\000D\000A\000T\000A}{subsection.6.19.2}% 360
\BOOKMARK [3][-]{subsubsection.6.19.2.35}{\376\377\000u\000p\000d\000a\000t\000e\000P\000D\000A\000T\000A\000p\000e\000r\000m\000i\000s\000s\000i\000o\000n}{subsection.6.19.2}% 361
\BOOKMARK [1][-]{section.6.20}{\376\377\000b\000a\000l\000l\000m\000e\000r\000p\000e\000a\000k\000.\000t\000u\000r\000t\000l\000e\000n\000e\000t\000.\000s\000e\000r\000v\000e\000r\000.\000T\000u\000r\000t\000l\000e\000n\000e\000t\000I\000m\000p\000l\000\040\000C\000l\000a\000s\000s\000\040\000R\000e\000f\000e\000r\000e\000n\000c\000e}{chapter.6}% 362
\BOOKMARK [2][-]{subsection.6.20.1}{\376\377\000D\000e\000t\000a\000i\000l\000e\000d\000\040\000D\000e\000s\000c\000r\000i\000p\000t\000i\000o\000n}{section.6.20}% 363
\BOOKMARK [2][-]{subsection.6.20.2}{\376\377\000M\000e\000m\000b\000e\000r\000\040\000F\000u\000n\000c\000t\000i\000o\000n\000\040\000D\000o\000c\000u\000m\000e\000n\000t\000a\000t\000i\000o\000n}{section.6.20}% 364
\BOOKMARK [3][-]{subsubsection.6.20.2.1}{\376\377\000a\000d\000d\000C\000a\000t\000e\000g\000o\000r\000y}{subsection.6.20.2}% 365
\BOOKMARK [3][-]{subsubsection.6.20.2.2}{\376\377\000a\000d\000d\000C\000o\000m\000m\000e\000n\000t}{subsection.6.20.2}% 366
\BOOKMARK [3][-]{subsubsection.6.20.2.3}{\376\377\000a\000d\000d\000K\000e\000y}{subsection.6.20.2}% 367
\BOOKMARK [3][-]{subsubsection.6.20.2.4}{\376\377\000a\000d\000d\000M\000e\000s\000s\000a\000g\000e\000T\000o\000C\000H\000A\000T}{subsection.6.20.2}% 368
\BOOKMARK [3][-]{subsubsection.6.20.2.5}{\376\377\000a\000d\000d\000P\000o\000s\000t}{subsection.6.20.2}% 369
\BOOKMARK [3][-]{subsubsection.6.20.2.6}{\376\377\000a\000d\000d\000T\000o\000C\000a\000t\000e\000g\000o\000r\000y}{subsection.6.20.2}% 370
\BOOKMARK [3][-]{subsubsection.6.20.2.7}{\376\377\000c\000l\000a\000i\000m\000U\000s\000e\000r\000n\000a\000m\000e}{subsection.6.20.2}% 371
\BOOKMARK [3][-]{subsubsection.6.20.2.8}{\376\377\000c\000r\000e\000a\000t\000e\000C\000H\000A\000T}{subsection.6.20.2}% 372
\BOOKMARK [3][-]{subsubsection.6.20.2.9}{\376\377\000g\000e\000t\000C\000a\000t\000e\000g\000o\000r\000i\000e\000s}{subsection.6.20.2}% 373
\BOOKMARK [3][-]{subsubsection.6.20.2.10}{\376\377\000g\000e\000t\000C\000a\000t\000e\000g\000o\000r\000y\000M\000e\000m\000b\000e\000r\000s}{subsection.6.20.2}% 374
\BOOKMARK [3][-]{subsubsection.6.20.2.11}{\376\377\000g\000e\000t\000C\000o\000m\000m\000e\000n\000t\000s}{subsection.6.20.2}% 375
\BOOKMARK [3][-]{subsubsection.6.20.2.12}{\376\377\000g\000e\000t\000C\000o\000n\000v\000e\000r\000s\000a\000t\000i\000o\000n}{subsection.6.20.2}% 376
\BOOKMARK [3][-]{subsubsection.6.20.2.13}{\376\377\000g\000e\000t\000C\000o\000n\000v\000e\000r\000s\000a\000t\000i\000o\000n\000M\000e\000s\000s\000a\000g\000e\000s}{subsection.6.20.2}% 377
\BOOKMARK [3][-]{subsubsection.6.20.2.14}{\376\377\000g\000e\000t\000C\000o\000n\000v\000e\000r\000s\000a\000t\000i\000o\000n\000s}{subsection.6.20.2}% 378
\BOOKMARK [3][-]{subsubsection.6.20.2.15}{\376\377\000g\000e\000t\000C\000o\000n\000v\000o\000L\000a\000s\000t\000U\000p\000d\000a\000t\000e\000d}{subsection.6.20.2}% 379
\BOOKMARK [3][-]{subsubsection.6.20.2.16}{\376\377\000g\000e\000t\000K\000e\000y}{subsection.6.20.2}% 380
\BOOKMARK [3][-]{subsubsection.6.20.2.17}{\376\377\000g\000e\000t\000M\000y\000K\000e\000y}{subsection.6.20.2}% 381
\BOOKMARK [3][-]{subsubsection.6.20.2.18}{\376\377\000g\000e\000t\000M\000y\000P\000D\000A\000T\000A}{subsection.6.20.2}% 382
\BOOKMARK [3][-]{subsubsection.6.20.2.19}{\376\377\000g\000e\000t\000M\000y\000U\000s\000e\000r\000n\000a\000m\000e}{subsection.6.20.2}% 383
\BOOKMARK [3][-]{subsubsection.6.20.2.20}{\376\377\000g\000e\000t\000P\000D\000A\000T\000A}{subsection.6.20.2}% 384
\BOOKMARK [3][-]{subsubsection.6.20.2.21}{\376\377\000g\000e\000t\000P\000e\000o\000p\000l\000e}{subsection.6.20.2}% 385
\BOOKMARK [3][-]{subsubsection.6.20.2.22}{\376\377\000g\000e\000t\000P\000o\000s\000t\000L\000a\000s\000t\000C\000o\000m\000m\000e\000n\000t\000e\000d}{subsection.6.20.2}% 386
\BOOKMARK [3][-]{subsubsection.6.20.2.23}{\376\377\000g\000e\000t\000U\000s\000e\000r\000n\000a\000m\000e}{subsection.6.20.2}% 387
\BOOKMARK [3][-]{subsubsection.6.20.2.24}{\376\377\000g\000e\000t\000W\000a\000l\000l\000P\000o\000s\000t\000s}{subsection.6.20.2}% 388
\BOOKMARK [3][-]{subsubsection.6.20.2.25}{\376\377\000i\000s\000F\000i\000r\000s\000t\000T\000i\000m\000e}{subsection.6.20.2}% 389
\BOOKMARK [3][-]{subsubsection.6.20.2.26}{\376\377\000l\000i\000k\000e}{subsection.6.20.2}% 390
\BOOKMARK [3][-]{subsubsection.6.20.2.27}{\376\377\000r\000e\000g\000i\000s\000t\000e\000r}{subsection.6.20.2}% 391
\BOOKMARK [3][-]{subsubsection.6.20.2.28}{\376\377\000r\000e\000m\000o\000v\000e\000F\000r\000o\000m\000C\000a\000t\000e\000g\000o\000r\000y}{subsection.6.20.2}% 392
\BOOKMARK [3][-]{subsubsection.6.20.2.29}{\376\377\000r\000e\000v\000o\000k\000e\000M\000y\000K\000e\000y}{subsection.6.20.2}% 393
\BOOKMARK [3][-]{subsubsection.6.20.2.30}{\376\377\000s\000e\000n\000d\000P\000D\000A\000T\000A}{subsection.6.20.2}% 394
\BOOKMARK [3][-]{subsubsection.6.20.2.31}{\376\377\000s\000t\000a\000r\000t\000T\000N}{subsection.6.20.2}% 395
\BOOKMARK [3][-]{subsubsection.6.20.2.32}{\376\377\000s\000t\000o\000p\000T\000N}{subsection.6.20.2}% 396
\BOOKMARK [3][-]{subsubsection.6.20.2.33}{\376\377\000t\000i\000m\000e\000M\000o\000s\000t\000R\000e\000c\000e\000n\000t\000W\000a\000l\000l\000P\000o\000s\000t}{subsection.6.20.2}% 397
\BOOKMARK [3][-]{subsubsection.6.20.2.34}{\376\377\000u\000n\000l\000i\000k\000e}{subsection.6.20.2}% 398
\BOOKMARK [3][-]{subsubsection.6.20.2.35}{\376\377\000u\000p\000d\000a\000t\000e\000P\000D\000A\000T\000A}{subsection.6.20.2}% 399
\BOOKMARK [3][-]{subsubsection.6.20.2.36}{\376\377\000u\000p\000d\000a\000t\000e\000P\000D\000A\000T\000A\000p\000e\000r\000m\000i\000s\000s\000i\000o\000n}{subsection.6.20.2}% 400
\BOOKMARK [0][-]{chapter.7}{\376\377\000F\000i\000l\000e\000\040\000D\000o\000c\000u\000m\000e\000n\000t\000a\000t\000i\000o\000n}{}% 401
\BOOKMARK [1][-]{section.7.1}{\376\377\000s\000r\000c\000/\000b\000a\000l\000l\000m\000e\000r\000p\000e\000a\000k\000/\000t\000u\000r\000t\000l\000e\000n\000e\000t\000/\000c\000l\000i\000e\000n\000t\000/\000f\000r\000o\000n\000t\000e\000n\000d\000.\000j\000a\000v\000a\000\040\000F\000i\000l\000e\000\040\000R\000e\000f\000e\000r\000e\000n\000c\000e}{chapter.7}% 402
\BOOKMARK [1][-]{section.7.2}{\376\377\000s\000r\000c\000/\000b\000a\000l\000l\000m\000e\000r\000p\000e\000a\000k\000/\000t\000u\000r\000t\000l\000e\000n\000e\000t\000/\000c\000l\000i\000e\000n\000t\000/\000T\000u\000r\000t\000l\000e\000n\000e\000t\000.\000j\000a\000v\000a\000\040\000F\000i\000l\000e\000\040\000R\000e\000f\000e\000r\000e\000n\000c\000e}{chapter.7}% 403
\BOOKMARK [1][-]{section.7.3}{\376\377\000s\000r\000c\000/\000b\000a\000l\000l\000m\000e\000r\000p\000e\000a\000k\000/\000t\000u\000r\000t\000l\000e\000n\000e\000t\000/\000c\000l\000i\000e\000n\000t\000/\000T\000u\000r\000t\000l\000e\000n\000e\000t\000A\000s\000y\000n\000c\000.\000j\000a\000v\000a\000\040\000F\000i\000l\000e\000\040\000R\000e\000f\000e\000r\000e\000n\000c\000e}{chapter.7}% 404
\BOOKMARK [1][-]{section.7.4}{\376\377\000s\000r\000c\000/\000b\000a\000l\000l\000m\000e\000r\000p\000e\000a\000k\000/\000t\000u\000r\000t\000l\000e\000n\000e\000t\000/\000r\000e\000m\000o\000t\000e\000s\000e\000r\000v\000e\000r\000/\000H\000a\000s\000h\000e\000r\000.\000j\000a\000v\000a\000\040\000F\000i\000l\000e\000\040\000R\000e\000f\000e\000r\000e\000n\000c\000e}{chapter.7}% 405
\BOOKMARK [1][-]{section.7.5}{\376\377\000s\000r\000c\000/\000b\000a\000l\000l\000m\000e\000r\000p\000e\000a\000k\000/\000t\000u\000r\000t\000l\000e\000n\000e\000t\000/\000r\000e\000m\000o\000t\000e\000s\000e\000r\000v\000e\000r\000/\000S\000e\000r\000v\000e\000r\000.\000j\000a\000v\000a\000\040\000F\000i\000l\000e\000\040\000R\000e\000f\000e\000r\000e\000n\000c\000e}{chapter.7}% 406
\BOOKMARK [1][-]{section.7.6}{\376\377\000s\000r\000c\000/\000b\000a\000l\000l\000m\000e\000r\000p\000e\000a\000k\000/\000t\000u\000r\000t\000l\000e\000n\000e\000t\000/\000s\000e\000r\000v\000e\000r\000/\000C\000r\000y\000p\000t\000o\000.\000j\000a\000v\000a\000\040\000F\000i\000l\000e\000\040\000R\000e\000f\000e\000r\000e\000n\000c\000e}{chapter.7}% 407
\BOOKMARK [1][-]{section.7.7}{\376\377\000s\000r\000c\000/\000b\000a\000l\000l\000m\000e\000r\000p\000e\000a\000k\000/\000t\000u\000r\000t\000l\000e\000n\000e\000t\000/\000s\000e\000r\000v\000e\000r\000/\000D\000a\000t\000a\000b\000a\000s\000e\000.\000j\000a\000v\000a\000\040\000F\000i\000l\000e\000\040\000R\000e\000f\000e\000r\000e\000n\000c\000e}{chapter.7}% 408
\BOOKMARK [1][-]{section.7.8}{\376\377\000s\000r\000c\000/\000b\000a\000l\000l\000m\000e\000r\000p\000e\000a\000k\000/\000t\000u\000r\000t\000l\000e\000n\000e\000t\000/\000s\000e\000r\000v\000e\000r\000/\000D\000B\000S\000t\000r\000i\000n\000g\000s\000.\000j\000a\000v\000a\000\040\000F\000i\000l\000e\000\040\000R\000e\000f\000e\000r\000e\000n\000c\000e}{chapter.7}% 409
\BOOKMARK [1][-]{section.7.9}{\376\377\000s\000r\000c\000/\000b\000a\000l\000l\000m\000e\000r\000p\000e\000a\000k\000/\000t\000u\000r\000t\000l\000e\000n\000e\000t\000/\000s\000e\000r\000v\000e\000r\000/\000F\000I\000O\000.\000j\000a\000v\000a\000\040\000F\000i\000l\000e\000\040\000R\000e\000f\000e\000r\000e\000n\000c\000e}{chapter.7}% 410
\BOOKMARK [1][-]{section.7.10}{\376\377\000s\000r\000c\000/\000b\000a\000l\000l\000m\000e\000r\000p\000e\000a\000k\000/\000t\000u\000r\000t\000l\000e\000n\000e\000t\000/\000s\000e\000r\000v\000e\000r\000/\000F\000r\000i\000e\000n\000d\000.\000j\000a\000v\000a\000\040\000F\000i\000l\000e\000\040\000R\000e\000f\000e\000r\000e\000n\000c\000e}{chapter.7}% 411
\BOOKMARK [1][-]{section.7.11}{\376\377\000s\000r\000c\000/\000b\000a\000l\000l\000m\000e\000r\000p\000e\000a\000k\000/\000t\000u\000r\000t\000l\000e\000n\000e\000t\000/\000s\000e\000r\000v\000e\000r\000/\000L\000o\000g\000g\000e\000r\000.\000j\000a\000v\000a\000\040\000F\000i\000l\000e\000\040\000R\000e\000f\000e\000r\000e\000n\000c\000e}{chapter.7}% 412
\BOOKMARK [1][-]{section.7.12}{\376\377\000s\000r\000c\000/\000b\000a\000l\000l\000m\000e\000r\000p\000e\000a\000k\000/\000t\000u\000r\000t\000l\000e\000n\000e\000t\000/\000s\000e\000r\000v\000e\000r\000/\000M\000e\000s\000s\000a\000g\000e\000F\000a\000c\000t\000o\000r\000y\000.\000j\000a\000v\000a\000\040\000F\000i\000l\000e\000\040\000R\000e\000f\000e\000r\000e\000n\000c\000e}{chapter.7}% 413
\BOOKMARK [1][-]{section.7.13}{\376\377\000s\000r\000c\000/\000b\000a\000l\000l\000m\000e\000r\000p\000e\000a\000k\000/\000t\000u\000r\000t\000l\000e\000n\000e\000t\000/\000s\000e\000r\000v\000e\000r\000/\000N\000e\000t\000w\000o\000r\000k\000C\000o\000n\000n\000e\000c\000t\000i\000o\000n\000.\000j\000a\000v\000a\000\040\000F\000i\000l\000e\000\040\000R\000e\000f\000e\000r\000e\000n\000c\000e}{chapter.7}% 414
\BOOKMARK [1][-]{section.7.14}{\376\377\000s\000r\000c\000/\000b\000a\000l\000l\000m\000e\000r\000p\000e\000a\000k\000/\000t\000u\000r\000t\000l\000e\000n\000e\000t\000/\000s\000e\000r\000v\000e\000r\000/\000P\000a\000i\000r\000.\000j\000a\000v\000a\000\040\000F\000i\000l\000e\000\040\000R\000e\000f\000e\000r\000e\000n\000c\000e}{chapter.7}% 415
\BOOKMARK [1][-]{section.7.15}{\376\377\000s\000r\000c\000/\000b\000a\000l\000l\000m\000e\000r\000p\000e\000a\000k\000/\000t\000u\000r\000t\000l\000e\000n\000e\000t\000/\000s\000e\000r\000v\000e\000r\000/\000P\000a\000r\000s\000e\000r\000.\000j\000a\000v\000a\000\040\000F\000i\000l\000e\000\040\000R\000e\000f\000e\000r\000e\000n\000c\000e}{chapter.7}% 416
\BOOKMARK [1][-]{section.7.16}{\376\377\000s\000r\000c\000/\000b\000a\000l\000l\000m\000e\000r\000p\000e\000a\000k\000/\000t\000u\000r\000t\000l\000e\000n\000e\000t\000/\000s\000e\000r\000v\000e\000r\000/\000T\000N\000C\000l\000i\000e\000n\000t\000.\000j\000a\000v\000a\000\040\000F\000i\000l\000e\000\040\000R\000e\000f\000e\000r\000e\000n\000c\000e}{chapter.7}% 417
\BOOKMARK [1][-]{section.7.17}{\376\377\000s\000r\000c\000/\000b\000a\000l\000l\000m\000e\000r\000p\000e\000a\000k\000/\000t\000u\000r\000t\000l\000e\000n\000e\000t\000/\000s\000e\000r\000v\000e\000r\000/\000T\000u\000r\000t\000l\000e\000n\000e\000t\000I\000m\000p\000l\000.\000j\000a\000v\000a\000\040\000F\000i\000l\000e\000\040\000R\000e\000f\000e\000r\000e\000n\000c\000e}{chapter.7}% 418
\BOOKMARK [1][-]{section.7.18}{\376\377\000s\000r\000c\000/\000b\000a\000l\000l\000m\000e\000r\000p\000e\000a\000k\000/\000t\000u\000r\000t\000l\000e\000n\000e\000t\000/\000s\000h\000a\000r\000e\000d\000/\000C\000o\000m\000m\000e\000n\000t\000D\000e\000t\000a\000i\000l\000s\000.\000j\000a\000v\000a\000\040\000F\000i\000l\000e\000\040\000R\000e\000f\000e\000r\000e\000n\000c\000e}{chapter.7}% 419
\BOOKMARK [1][-]{section.7.19}{\376\377\000s\000r\000c\000/\000b\000a\000l\000l\000m\000e\000r\000p\000e\000a\000k\000/\000t\000u\000r\000t\000l\000e\000n\000e\000t\000/\000s\000h\000a\000r\000e\000d\000/\000C\000o\000n\000v\000e\000r\000s\000a\000t\000i\000o\000n\000.\000j\000a\000v\000a\000\040\000F\000i\000l\000e\000\040\000R\000e\000f\000e\000r\000e\000n\000c\000e}{chapter.7}% 420
\BOOKMARK [1][-]{section.7.20}{\376\377\000s\000r\000c\000/\000b\000a\000l\000l\000m\000e\000r\000p\000e\000a\000k\000/\000t\000u\000r\000t\000l\000e\000n\000e\000t\000/\000s\000h\000a\000r\000e\000d\000/\000M\000e\000s\000s\000a\000g\000e\000.\000j\000a\000v\000a\000\040\000F\000i\000l\000e\000\040\000R\000e\000f\000e\000r\000e\000n\000c\000e}{chapter.7}% 421
\BOOKMARK [1][-]{section.7.21}{\376\377\000s\000r\000c\000/\000b\000a\000l\000l\000m\000e\000r\000p\000e\000a\000k\000/\000t\000u\000r\000t\000l\000e\000n\000e\000t\000/\000s\000h\000a\000r\000e\000d\000/\000P\000o\000s\000t\000D\000e\000t\000a\000i\000l\000s\000.\000j\000a\000v\000a\000\040\000F\000i\000l\000e\000\040\000R\000e\000f\000e\000r\000e\000n\000c\000e}{chapter.7}% 422
\BOOKMARK [1][-]{section.7.22}{\376\377\000s\000r\000c\000/\000b\000a\000l\000l\000m\000e\000r\000p\000e\000a\000k\000/\000t\000u\000r\000t\000l\000e\000n\000e\000t\000/\000s\000h\000a\000r\000e\000d\000/\000T\000o\000k\000e\000n\000i\000z\000e\000r\000.\000j\000a\000v\000a\000\040\000F\000i\000l\000e\000\040\000R\000e\000f\000e\000r\000e\000n\000c\000e}{chapter.7}% 423
